2023-08-08 20:05:48,122 [INFO] Activator:176 - 


2023-08-08 20:05:48,124 [INFO] Activator:177 - !SESSION log4j initialized
2023-08-08 20:05:49,980 [ERROR] LogOutputStream:75 - [STDERR_REDIRECT] 
2023-08-08 20:05:50,649 [INFO] LogOutputStream:77 - [STDOUT_REDIRECT] 
2023-08-08 20:05:52,509 [INFO] LogOutputStream:77 - [STDOUT_REDIRECT] 
2023-08-08 20:05:57,569 [INFO] ApplicationProperties:184 - Using Application install path: /Applications/STM32CubeIDE.app/Contents/Eclipse/plugins/com.st.stm32cube.common.mx_6.9.1.202307191849
2023-08-08 20:05:57,585 [INFO] DbMcusXml:78 - Set database path to: /Applications/STM32CubeIDE.app/Contents/Eclipse/plugins/com.st.stm32cube.common.mx_6.9.1.202307191849//db//mcu/
2023-08-08 20:05:57,585 [INFO] ApiDb:274 - Set plugin database path to: /Applications/STM32CubeIDE.app/Contents/Eclipse/plugins/com.st.stm32cube.common.mx_6.9.1.202307191849//db//plugins/boardmanager/
2023-08-08 20:05:57,586 [WARN] ApiDb:259 - Overriding images path with different value:  => /Applications/STM32CubeIDE.app/Contents/Eclipse/plugins/com.st.stm32cube.common.mx_6.9.1.202307191849//db//plugins/mcufinder/images/
2023-08-08 20:05:58,370 [WARN] ApiFinderProperties:113 - /Users/dilnozabobokalonova/.stmcufinder/plugins/mcufinder/mcu/mcuFinder.mfd doesn't exist
2023-08-08 20:05:58,370 [INFO] ApiDb:250 - Set database path to: /Users/dilnozabobokalonova/.stmcufinder/plugins/mcufinder//mcu/
2023-08-08 20:05:58,372 [INFO] DbMcusAds:125 - Set database path to: /Users/dilnozabobokalonova/.stmcufinder/plugins/mcufinder//mcu/
2023-08-08 20:05:58,373 [INFO] CrossReferenceDbSqlite:203 - Set database path to: /Users/dilnozabobokalonova/.stmcufinder/plugins/mcufinder//mcu/cs/
2023-08-08 20:05:58,499 [INFO] RulesReader:64 - Compatibility file has been processed (293 Rules)
2023-08-08 20:05:58,560 [INFO] DbMcusXml:78 - Set database path to: /Applications/STM32CubeIDE.app/Contents/Eclipse/plugins/com.st.stm32cube.common.mx_6.9.1.202307191849//db//mcu/
2023-08-08 20:05:58,560 [INFO] ApiDb:274 - Set plugin database path to: /Applications/STM32CubeIDE.app/Contents/Eclipse/plugins/com.st.stm32cube.common.mx_6.9.1.202307191849//db//plugins/boardmanager/
2023-08-08 20:05:58,561 [INFO] ApiDb:261 - Set plugin images path to: /Applications/STM32CubeIDE.app/Contents/Eclipse/plugins/com.st.stm32cube.common.mx_6.9.1.202307191849//db//plugins/mcufinder/images/
2023-08-08 20:05:58,562 [WARN] DbFile:41 - Overriding database path with different value: /Users/dilnozabobokalonova/.stmcufinder/plugins/mcufinder/ => /Users/dilnozabobokalonova/.stmcufinder/plugins/mcufinder
2023-08-08 20:05:58,562 [INFO] ApiDb:250 - Set database path to: /Users/dilnozabobokalonova/.stmcufinder/plugins/mcufinder//mcu/
2023-08-08 20:05:58,562 [WARN] DbFile:41 - Overriding database path with different value: /Users/dilnozabobokalonova/.stmcufinder/plugins/mcufinder/ => /Users/dilnozabobokalonova/.stmcufinder/plugins/mcufinder
2023-08-08 20:05:58,562 [INFO] DbMcusAds:125 - Set database path to: /Users/dilnozabobokalonova/.stmcufinder/plugins/mcufinder//mcu/
2023-08-08 20:05:58,562 [WARN] DbFile:41 - Overriding database path with different value: /Users/dilnozabobokalonova/.stmcufinder/plugins/mcufinder/ => /Users/dilnozabobokalonova/.stmcufinder/plugins/mcufinder
2023-08-08 20:05:58,562 [WARN] DbFile:41 - Overriding database path with different value: /Users/dilnozabobokalonova/.stmcufinder/plugins/mcufinder/ => /Users/dilnozabobokalonova/.stmcufinder/plugins/mcufinder
2023-08-08 20:05:58,562 [INFO] CrossReferenceDbSqlite:203 - Set database path to: /Users/dilnozabobokalonova/.stmcufinder/plugins/mcufinder//mcu/cs/
2023-08-08 20:05:58,637 [INFO] MainPanel:262 - HeapMemory: 268435456
2023-08-08 20:05:58,718 [INFO] DbMcusXml:78 - Set database path to: /Applications/STM32CubeIDE.app/Contents/Eclipse/plugins/com.st.stm32cube.common.mx_6.9.1.202307191849//db//mcu/
2023-08-08 20:05:58,719 [INFO] ApiDb:274 - Set plugin database path to: /Applications/STM32CubeIDE.app/Contents/Eclipse/plugins/com.st.stm32cube.common.mx_6.9.1.202307191849//db//plugins/boardmanager/
2023-08-08 20:05:58,719 [INFO] ApiDb:261 - Set plugin images path to: /Applications/STM32CubeIDE.app/Contents/Eclipse/plugins/com.st.stm32cube.common.mx_6.9.1.202307191849//db//plugins/mcufinder/images/
2023-08-08 20:05:58,719 [WARN] DbFile:41 - Overriding database path with different value: /Users/dilnozabobokalonova/.stmcufinder/plugins/mcufinder/ => /Users/dilnozabobokalonova/.stmcufinder/plugins/mcufinder
2023-08-08 20:05:58,719 [INFO] ApiDb:250 - Set database path to: /Users/dilnozabobokalonova/.stmcufinder/plugins/mcufinder//mcu/
2023-08-08 20:05:58,719 [WARN] DbFile:41 - Overriding database path with different value: /Users/dilnozabobokalonova/.stmcufinder/plugins/mcufinder/ => /Users/dilnozabobokalonova/.stmcufinder/plugins/mcufinder
2023-08-08 20:05:58,719 [INFO] DbMcusAds:125 - Set database path to: /Users/dilnozabobokalonova/.stmcufinder/plugins/mcufinder//mcu/
2023-08-08 20:05:58,719 [WARN] DbFile:41 - Overriding database path with different value: /Users/dilnozabobokalonova/.stmcufinder/plugins/mcufinder/ => /Users/dilnozabobokalonova/.stmcufinder/plugins/mcufinder
2023-08-08 20:05:58,719 [WARN] DbFile:41 - Overriding database path with different value: /Users/dilnozabobokalonova/.stmcufinder/plugins/mcufinder/ => /Users/dilnozabobokalonova/.stmcufinder/plugins/mcufinder
2023-08-08 20:05:58,719 [INFO] CrossReferenceDbSqlite:203 - Set database path to: /Users/dilnozabobokalonova/.stmcufinder/plugins/mcufinder//mcu/cs/
2023-08-08 20:05:58,736 [INFO] ApplicationProperties:184 - Using Application install path: /Applications/STM32CubeIDE.app/Contents/Eclipse/plugins/com.st.stm32cube.common.mx_6.9.1.202307191849
2023-08-08 20:05:58,737 [INFO] PluginManage:196 - Search for loadable plugins [exclusion list=, ]
2023-08-08 20:05:58,739 [INFO] PluginManage:310 - Check plugin analytics
2023-08-08 20:05:58,931 [INFO] AnalyticsPlugin:253 - Accepted Software Licenses: 
2023-08-08 20:05:58,932 [INFO] AnalyticsPlugin:255 - Accepted CMSIS Pack Licenses: 
2023-08-08 20:05:58,932 [INFO] AnalyticsPlugin:257 - Accepted Firmware Licenses: 
2023-08-08 20:05:58,936 [INFO] PluginManage:359 - Loaded plugin analytics (category:tool,tabindex:-1)
2023-08-08 20:05:58,938 [INFO] PluginManage:310 - Check plugin cadmodel
2023-08-08 20:05:59,178 [INFO] CADModel:105 - Init CAD model plugin
2023-08-08 20:05:59,178 [INFO] PluginManage:359 - Loaded plugin cadmodel (category:power,tabindex:5)
2023-08-08 20:05:59,179 [INFO] PluginManage:310 - Check plugin clock
2023-08-08 20:05:59,188 [INFO] PluginManage:359 - Loaded plugin clock (category:base,tabindex:2)
2023-08-08 20:05:59,189 [INFO] PluginManage:310 - Check plugin ddr
2023-08-08 20:05:59,191 [INFO] PluginManage:359 - Loaded plugin ddr (category:tool,tabindex:6)
2023-08-08 20:05:59,191 [INFO] PluginManage:310 - Check plugin filemanager
2023-08-08 20:05:59,311 [INFO] PluginManage:359 - Loaded plugin filemanager (category:base,tabindex:10)
2023-08-08 20:05:59,312 [INFO] PluginManage:310 - Check plugin ipmanager
2023-08-08 20:05:59,317 [INFO] PluginManage:359 - Loaded plugin ipmanager (category:base,tabindex:5)
2023-08-08 20:05:59,317 [INFO] PluginManage:310 - Check plugin lpbam
2023-08-08 20:05:59,323 [INFO] PluginManage:359 - Loaded plugin lpbam (category:base,tabindex:0)
2023-08-08 20:05:59,323 [INFO] PluginManage:310 - Check plugin memorymap
2023-08-08 20:05:59,331 [INFO] PluginManage:359 - Loaded plugin memorymap (category:base,tabindex:4)
2023-08-08 20:05:59,331 [INFO] PluginManage:310 - Check plugin pinoutandconfiguration
2023-08-08 20:05:59,336 [INFO] PluginManage:359 - Loaded plugin pinoutandconfiguration (category:base,tabindex:1)
2023-08-08 20:05:59,336 [INFO] PluginManage:310 - Check plugin pinoutconfig
2023-08-08 20:05:59,508 [WARN] SupportedApi:132 - Cannot load RTOS API schema: s4s-elt-must-match.1: The content of 'definitions' must match (annotation?, (simpleType | complexType)?, (unique | key | keyref)*)). A problem was found starting at: attribute.
2023-08-08 20:05:59,684 [INFO] PluginManage:359 - Loaded plugin pinoutconfig (category:base,tabindex:0)
2023-08-08 20:05:59,685 [INFO] PluginManage:310 - Check plugin power
2023-08-08 20:05:59,702 [INFO] PluginManage:359 - Loaded plugin power (category:power,tabindex:4)
2023-08-08 20:05:59,703 [INFO] PluginManage:310 - Check plugin projectmanager
2023-08-08 20:05:59,738 [INFO] PluginManage:359 - Loaded plugin projectmanager (category:projectmanager,tabindex:3)
2023-08-08 20:05:59,738 [INFO] PluginManage:310 - Check plugin thirdparty
2023-08-08 20:05:59,900 [INFO] PluginManage:359 - Loaded plugin thirdparty (category:base,tabindex:-1)
2023-08-08 20:05:59,900 [INFO] PluginManage:310 - Check plugin tools
2023-08-08 20:05:59,900 [WARN] IntegrityCheckThread:84 - waiting for thirdparty lock release [integrity check]
2023-08-08 20:05:59,902 [INFO] IntegrityCheckThread:86 - entering critical section [integrity check]
2023-08-08 20:05:59,903 [INFO] ThirdPartyUpdaterWithRetryManager:70 - Updater plugin not ready yet. [1/15]
2023-08-08 20:05:59,903 [INFO] PluginManage:359 - Loaded plugin tools (category:base,tabindex:7)
2023-08-08 20:05:59,903 [INFO] PluginManage:310 - Check plugin tutovideos
2023-08-08 20:06:00,047 [INFO] PluginManage:359 - Loaded plugin tutovideos (category:base,tabindex:-1)
2023-08-08 20:06:00,048 [INFO] PluginManage:310 - Check plugin updater
2023-08-08 20:06:00,061 [INFO] PluginManage:359 - Loaded plugin updater (category:base,tabindex:12)
2023-08-08 20:06:00,061 [INFO] PluginManage:310 - Check plugin userauth
2023-08-08 20:06:00,067 [INFO] UserAuth:113 - Init User Auth plugin
2023-08-08 20:06:00,067 [INFO] PluginManage:359 - Loaded plugin userauth (category:base,tabindex:14)
2023-08-08 20:06:00,068 [INFO] PluginManage:283 - PluginManage : Loaded plugins [17]
2023-08-08 20:06:00,325 [INFO] PinOutPanel:1499 - setPackage(No Configuration,No Configuration)
2023-08-08 20:06:00,498 [INFO] CADModel:165 - CPN selected for project level
2023-08-08 20:06:00,499 [INFO] CADModel:114 - Register for checkConnection events
2023-08-08 20:06:00,517 [INFO] IPUIPlugin:80 - create IPUIPlugin
2023-08-08 20:06:00,518 [INFO] PluginManager:220 - loadIPPluginJar : add mdma
2023-08-08 20:06:00,524 [INFO] IPUIPlugin:80 - create IPUIPlugin
2023-08-08 20:06:00,524 [INFO] PluginManager:220 - loadIPPluginJar : add freertos
2023-08-08 20:06:00,528 [INFO] IPUIPlugin:80 - create IPUIPlugin
2023-08-08 20:06:00,528 [INFO] PluginManager:220 - loadIPPluginJar : add gic
2023-08-08 20:06:00,536 [INFO] IPUIPlugin:80 - create IPUIPlugin
2023-08-08 20:06:00,536 [INFO] PluginManager:220 - loadIPPluginJar : add adc
2023-08-08 20:06:00,538 [INFO] IPUIPlugin:80 - create IPUIPlugin
2023-08-08 20:06:00,539 [INFO] PluginManager:220 - loadIPPluginJar : add gtzc
2023-08-08 20:06:00,540 [INFO] IPUIPlugin:80 - create IPUIPlugin
2023-08-08 20:06:00,540 [INFO] PluginManager:220 - loadIPPluginJar : add quadspi
2023-08-08 20:06:00,541 [INFO] IPUIPlugin:80 - create IPUIPlugin
2023-08-08 20:06:00,541 [INFO] PluginManager:220 - loadIPPluginJar : add aes
2023-08-08 20:06:00,543 [INFO] IPUIPlugin:80 - create IPUIPlugin
2023-08-08 20:06:00,543 [INFO] PluginManager:220 - loadIPPluginJar : add pdm2pcm
2023-08-08 20:06:00,545 [INFO] IPUIPlugin:80 - create IPUIPlugin
2023-08-08 20:06:00,545 [INFO] PluginManager:220 - loadIPPluginJar : add hash
2023-08-08 20:06:00,547 [INFO] IPUIPlugin:80 - create IPUIPlugin
2023-08-08 20:06:00,547 [INFO] PluginManager:220 - loadIPPluginJar : add tim
2023-08-08 20:06:00,548 [INFO] IPUIPlugin:80 - create IPUIPlugin
2023-08-08 20:06:00,548 [INFO] PluginManager:220 - loadIPPluginJar : add tsc
2023-08-08 20:06:00,549 [INFO] IPUIPlugin:80 - create IPUIPlugin
2023-08-08 20:06:00,549 [INFO] PluginManager:220 - loadIPPluginJar : add ts
2023-08-08 20:06:00,551 [INFO] IPUIPlugin:80 - create IPUIPlugin
2023-08-08 20:06:00,551 [INFO] PluginManager:220 - loadIPPluginJar : add can
2023-08-08 20:06:00,554 [INFO] IPUIPlugin:80 - create IPUIPlugin
2023-08-08 20:06:00,554 [INFO] PluginManager:220 - loadIPPluginJar : add dma3
2023-08-08 20:06:00,557 [INFO] IPUIPlugin:80 - create IPUIPlugin
2023-08-08 20:06:00,557 [INFO] PluginManager:220 - loadIPPluginJar : add dfsdm
2023-08-08 20:06:00,558 [INFO] IPUIPlugin:80 - create IPUIPlugin
2023-08-08 20:06:00,558 [INFO] PluginManager:220 - loadIPPluginJar : add spi
2023-08-08 20:06:00,560 [INFO] IPUIPlugin:80 - create IPUIPlugin
2023-08-08 20:06:00,560 [INFO] PluginManager:220 - loadIPPluginJar : add gfxmmu
2023-08-08 20:06:00,561 [INFO] IPUIPlugin:80 - create IPUIPlugin
2023-08-08 20:06:00,561 [INFO] PluginManager:220 - loadIPPluginJar : add genericplugin
2023-08-08 20:06:00,563 [INFO] IPUIPlugin:80 - create IPUIPlugin
2023-08-08 20:06:00,563 [INFO] PluginManager:220 - loadIPPluginJar : add cryp
2023-08-08 20:06:00,567 [INFO] IPUIPlugin:80 - create IPUIPlugin
2023-08-08 20:06:00,568 [INFO] PluginManager:220 - loadIPPluginJar : add gpio
2023-08-08 20:06:00,570 [INFO] IPUIPlugin:80 - create IPUIPlugin
2023-08-08 20:06:00,570 [INFO] PluginManager:220 - loadIPPluginJar : add comp
2023-08-08 20:06:00,571 [INFO] IPUIPlugin:80 - create IPUIPlugin
2023-08-08 20:06:00,572 [INFO] PluginManager:220 - loadIPPluginJar : add tracer_emb
2023-08-08 20:06:00,573 [INFO] IPUIPlugin:80 - create IPUIPlugin
2023-08-08 20:06:00,574 [INFO] PluginManager:220 - loadIPPluginJar : add openamp
2023-08-08 20:06:00,577 [INFO] IPUIPlugin:80 - create IPUIPlugin
2023-08-08 20:06:00,578 [INFO] PluginManager:220 - loadIPPluginJar : add stm32_wpan
2023-08-08 20:06:00,583 [INFO] IPUIPlugin:80 - create IPUIPlugin
2023-08-08 20:06:00,595 [INFO] PluginManager:220 - loadIPPluginJar : add plateformsettings
2023-08-08 20:06:00,597 [INFO] IPUIPlugin:80 - create IPUIPlugin
2023-08-08 20:06:00,598 [INFO] PluginManager:220 - loadIPPluginJar : add ipddr
2023-08-08 20:06:00,599 [INFO] IPUIPlugin:80 - create IPUIPlugin
2023-08-08 20:06:00,599 [INFO] PluginManager:220 - loadIPPluginJar : add usart
2023-08-08 20:06:00,600 [INFO] IPUIPlugin:80 - create IPUIPlugin
2023-08-08 20:06:00,600 [INFO] PluginManager:220 - loadIPPluginJar : add ltdc
2023-08-08 20:06:00,603 [INFO] IPUIPlugin:80 - create IPUIPlugin
2023-08-08 20:06:00,603 [INFO] PluginManager:220 - loadIPPluginJar : add nvic
2023-08-08 20:06:00,604 [INFO] IPUIPlugin:80 - create IPUIPlugin
2023-08-08 20:06:00,604 [INFO] PluginManager:220 - loadIPPluginJar : add fatfs
2023-08-08 20:06:00,608 [INFO] IPUIPlugin:80 - create IPUIPlugin
2023-08-08 20:06:00,609 [INFO] PluginManager:220 - loadIPPluginJar : add linkedlist
2023-08-08 20:06:00,612 [INFO] IPUIPlugin:80 - create IPUIPlugin
2023-08-08 20:06:00,612 [INFO] PluginManager:220 - loadIPPluginJar : add dma
2023-08-08 20:06:00,616 [INFO] IPUIPlugin:80 - create IPUIPlugin
2023-08-08 20:06:00,616 [INFO] PluginManager:220 - loadIPPluginJar : add fmc
2023-08-08 20:06:00,617 [INFO] IPUIPlugin:80 - create IPUIPlugin
2023-08-08 20:06:00,617 [INFO] PluginManager:220 - loadIPPluginJar : add i2s
2023-08-08 20:06:00,619 [INFO] IPUIPlugin:80 - create IPUIPlugin
2023-08-08 20:06:00,620 [INFO] PluginManager:220 - loadIPPluginJar : add ucpd
2023-08-08 20:06:00,621 [INFO] IPUIPlugin:80 - create IPUIPlugin
2023-08-08 20:06:00,621 [INFO] PluginManager:220 - loadIPPluginJar : add lorawan
2023-08-08 20:06:00,623 [INFO] IPUIPlugin:80 - create IPUIPlugin
2023-08-08 20:06:00,623 [INFO] PluginManager:220 - loadIPPluginJar : add opamp
2023-08-08 20:06:00,625 [INFO] IPUIPlugin:80 - create IPUIPlugin
2023-08-08 20:06:00,625 [INFO] PluginManager:220 - loadIPPluginJar : add i3c
2023-08-08 20:06:00,626 [INFO] IPUIPlugin:80 - create IPUIPlugin
2023-08-08 20:06:00,627 [INFO] PluginManager:220 - loadIPPluginJar : add touchsensing
2023-08-08 20:06:00,628 [INFO] IPUIPlugin:80 - create IPUIPlugin
2023-08-08 20:06:00,628 [INFO] PluginManager:220 - loadIPPluginJar : add i2c
2023-08-08 20:06:00,630 [INFO] IPUIPlugin:80 - create IPUIPlugin
2023-08-08 20:06:00,630 [INFO] PluginManager:220 - loadIPPluginJar : add resmgrutility
2023-08-08 20:06:00,632 [INFO] IPUIPlugin:80 - create IPUIPlugin
2023-08-08 20:06:00,632 [INFO] PluginManager:220 - loadIPPluginJar : add sai
2023-08-08 20:06:00,634 [INFO] IPUIPlugin:80 - create IPUIPlugin
2023-08-08 20:06:00,636 [INFO] PluginManager:220 - loadIPPluginJar : add usbx
2023-08-08 20:06:00,767 [INFO] CADModel:165 - CPN selected for project level
2023-08-08 20:06:00,768 [INFO] CADModel:114 - Register for checkConnection events
2023-08-08 20:06:00,769 [FATAL] Updater:308 - Updater called before beeing initialized
2023-08-08 20:06:00,769 [ERROR] CADModel:125 - Updater not yet initialized, retry later 
2023-08-08 20:06:01,143 [INFO] CADModel:165 - CPN selected for project level
2023-08-08 20:06:01,143 [INFO] CADModel:114 - Register for checkConnection events
2023-08-08 20:06:01,144 [FATAL] Updater:308 - Updater called before beeing initialized
2023-08-08 20:06:01,144 [ERROR] CADModel:125 - Updater not yet initialized, retry later 
2023-08-08 20:06:01,147 [FATAL] Updater:308 - Updater called before beeing initialized
2023-08-08 20:06:01,289 [FATAL] Updater:308 - Updater called before beeing initialized
2023-08-08 20:06:01,298 [INFO] DbMcusAds:53 - JSON generation date=Thu Sep 30 02:55:09 EDT 2021 (1632984909247)
2023-08-08 20:06:01,298 [FATAL] Updater:308 - Updater called before beeing initialized
2023-08-08 20:06:01,468 [WARN] DetailPanel:346 - Failed to get advertising image, set to default
2023-08-08 20:06:01,540 [FATAL] Updater:308 - Updater called before beeing initialized
2023-08-08 20:06:01,542 [FATAL] Updater:308 - Updater called before beeing initialized
2023-08-08 20:06:01,542 [FATAL] Updater:308 - Updater called before beeing initialized
2023-08-08 20:06:01,542 [WARN] DetailPanel:346 - Failed to get advertising image, set to default
2023-08-08 20:06:01,544 [FATAL] Updater:308 - Updater called before beeing initialized
2023-08-08 20:06:01,621 [ERROR] Updater:1120 - MainUpdater not yet initialized. External WinMGr cannot be set.
2023-08-08 20:06:01,666 [INFO] Updater:1056 - Updater Version found : 6.9.1
2023-08-08 20:06:01,683 [INFO] ApplicationProperties:184 - Using Application install path: /Applications/STM32CubeIDE.app/Contents/Eclipse/plugins/com.st.stm32cube.common.mx_6.9.1.202307191849
2023-08-08 20:06:01,758 [INFO] MainUpdater:521 - Copy updater definitions from MX database
2023-08-08 20:06:01,788 [INFO] MainUpdater:554 - Copy flag file definitions from MX database
2023-08-08 20:06:01,790 [INFO] MainUpdater:570 - Copy thirdparty index definitions from MX database
2023-08-08 20:06:01,791 [INFO] MainUpdater:589 - Copy default thirdparty db definitions from MX database
2023-08-08 20:06:01,878 [INFO] MainUpdater:2868 - connection check result : 10
2023-08-08 20:06:01,878 [INFO] MainUpdater:3562 - Updater definition file requires update
2023-08-08 20:06:01,879 [INFO] MainUpdater:285 - Updater Check For Update Now.
2023-08-08 20:06:01,879 [INFO] MicroXplorer:498 - Change Database Version : DB.6.0.91
2023-08-08 20:06:01,885 [INFO] McuFinderGlobals:63 - Set McuFinder mode to 2 (CubeIDE integrated)
2023-08-08 20:06:01,885 [INFO] UserAuth:179 - activating auth plugin
2023-08-08 20:06:01,891 [INFO] UserAuth:393 - Internet connection configuration mode: 1
2023-08-08 20:06:01,898 [INFO] JxBrowserEngine:151 - Initiate JxBrowser Engine with user profile folder
2023-08-08 20:06:01,930 [INFO] ServerAccessManage:473 - Download File updaters.zip
2023-08-08 20:06:02,058 [INFO] FileExtend:240 - Unzip File : updaters.zip
2023-08-08 20:06:02,058 [INFO] FileExtend:255 - Standard Zip Deflate
2023-08-08 20:06:02,228 [INFO] ServerAccessManage:473 - Download File PacksControlFlags.xml
2023-08-08 20:06:02,331 [INFO] ServerAccessManage:473 - Download File cubemx.pidx
2023-08-08 20:06:02,659 [INFO] ServerAccessManage:473 - Download File STMicroelectronics.FP-ATR-ASTRA1.pdsc
2023-08-08 20:06:02,908 [WARN] MainUpdater:1189 - Updater busy. Cannot search thirdparties
2023-08-08 20:06:02,908 [INFO] ThirdPartyUpdaterWithRetryManager:96 - Updater plugin is busy. [1/15]
2023-08-08 20:06:03,697 [INFO] ServerAccessManage:473 - Download File STMicroelectronics.FP-ATR-SIGFOX1.pdsc
2023-08-08 20:06:04,063 [INFO] ServerAccessManage:473 - Download File STMicroelectronics.FP-SNS-FLIGHT1.pdsc
2023-08-08 20:06:04,482 [INFO] ServerAccessManage:473 - Download File STMicroelectronics.FP-SNS-MOTENV1.pdsc
2023-08-08 20:06:05,796 [INFO] ServerAccessManage:473 - Download File STMicroelectronics.X-CUBE-AI.pdsc
2023-08-08 20:06:05,914 [WARN] MainUpdater:1189 - Updater busy. Cannot search thirdparties
2023-08-08 20:06:05,914 [INFO] ThirdPartyUpdaterWithRetryManager:96 - Updater plugin is busy. [2/15]
2023-08-08 20:06:06,992 [INFO] ServerAccessManage:473 - Download File STMicroelectronics.X-CUBE-ALS.pdsc
2023-08-08 20:06:07,855 [INFO] ServerAccessManage:473 - Download File STMicroelectronics.X-CUBE-BLE1.pdsc
2023-08-08 20:06:08,920 [WARN] MainUpdater:1189 - Updater busy. Cannot search thirdparties
2023-08-08 20:06:08,921 [INFO] ThirdPartyUpdaterWithRetryManager:96 - Updater plugin is busy. [3/15]
2023-08-08 20:06:11,241 [ERROR] ServerAccessManage:1089 - Problem, file not found on Server
2023-08-08 20:06:11,902 [INFO] ServerAccessManage:473 - Download File STMicroelectronics.X-CUBE-BLE2.pdsc
2023-08-08 20:06:11,926 [WARN] MainUpdater:1189 - Updater busy. Cannot search thirdparties
2023-08-08 20:06:11,926 [INFO] ThirdPartyUpdaterWithRetryManager:96 - Updater plugin is busy. [4/15]
2023-08-08 20:06:14,366 [INFO] ServerAccessManage:473 - Download File STMicroelectronics.X-CUBE-BLEMGR.pdsc
2023-08-08 20:06:14,932 [WARN] MainUpdater:1189 - Updater busy. Cannot search thirdparties
2023-08-08 20:06:14,933 [INFO] ThirdPartyUpdaterWithRetryManager:96 - Updater plugin is busy. [5/15]
2023-08-08 20:06:15,862 [INFO] ServerAccessManage:473 - Download File STMicroelectronics.X-CUBE-DISPLAY.pdsc
2023-08-08 20:06:17,881 [INFO] ServerAccessManage:473 - Download File STMicroelectronics.X-CUBE-EEPRMA1.pdsc
2023-08-08 20:06:17,938 [WARN] MainUpdater:1189 - Updater busy. Cannot search thirdparties
2023-08-08 20:06:17,939 [INFO] ThirdPartyUpdaterWithRetryManager:96 - Updater plugin is busy. [6/15]
2023-08-08 20:06:18,319 [ERROR] ServerAccessManage:1089 - Problem, file not found on Server
2023-08-08 20:06:19,377 [INFO] ServerAccessManage:473 - Download File STMicroelectronics.X-CUBE-FREERTOS.pdsc
2023-08-08 20:06:20,094 [INFO] ServerAccessManage:473 - Download File STMicroelectronics.X-CUBE-GNSS1.pdsc
2023-08-08 20:06:20,940 [WARN] MainUpdater:1189 - Updater busy. Cannot search thirdparties
2023-08-08 20:06:20,940 [INFO] ThirdPartyUpdaterWithRetryManager:96 - Updater plugin is busy. [7/15]
2023-08-08 20:06:22,878 [ERROR] ServerAccessManage:1089 - Problem, file not found on Server
2023-08-08 20:06:23,167 [ERROR] ServerAccessManage:1089 - Problem, file not found on Server
2023-08-08 20:06:23,390 [ERROR] ServerAccessManage:1089 - Problem, file not found on Server
2023-08-08 20:06:23,623 [ERROR] ServerAccessManage:1089 - Problem, file not found on Server
2023-08-08 20:06:23,848 [ERROR] ServerAccessManage:1089 - Problem, file not found on Server
2023-08-08 20:06:23,942 [WARN] MainUpdater:1189 - Updater busy. Cannot search thirdparties
2023-08-08 20:06:23,942 [INFO] ThirdPartyUpdaterWithRetryManager:96 - Updater plugin is busy. [8/15]
2023-08-08 20:06:24,074 [ERROR] ServerAccessManage:1089 - Problem, file not found on Server
2023-08-08 20:06:24,396 [INFO] ServerAccessManage:473 - Download File STMicroelectronics.X-CUBE-ISPU.pdsc
2023-08-08 20:06:25,216 [INFO] ServerAccessManage:473 - Download File STMicroelectronics.X-CUBE-MEMS1.pdsc
2023-08-08 20:06:26,944 [WARN] MainUpdater:1189 - Updater busy. Cannot search thirdparties
2023-08-08 20:06:26,944 [INFO] ThirdPartyUpdaterWithRetryManager:96 - Updater plugin is busy. [9/15]
2023-08-08 20:06:29,951 [WARN] MainUpdater:1189 - Updater busy. Cannot search thirdparties
2023-08-08 20:06:29,952 [INFO] ThirdPartyUpdaterWithRetryManager:96 - Updater plugin is busy. [10/15]
2023-08-08 20:06:31,208 [INFO] WebApp:157 - Instantiating new browser for Auth
2023-08-08 20:06:32,101 [INFO] WebApp:753 - Register for checkConnection events
2023-08-08 20:06:32,102 [INFO] WebApp:390 - Apply proxy settings
2023-08-08 20:06:32,108 [INFO] WebApp:455 - Chromium authenticates against System proxy
2023-08-08 20:06:32,306 [INFO] WebApp:188 - Starting web application
2023-08-08 20:06:32,307 [INFO] WebApp:520 - Web application path used /Applications/STM32CubeIDE.app/Contents/Eclipse/plugins/com.st.stm32cube.common.mx_6.9.1.202307191849/db/plugins/mcufinder/reactClient1/index.html
2023-08-08 20:06:32,956 [WARN] MainUpdater:1189 - Updater busy. Cannot search thirdparties
2023-08-08 20:06:32,956 [INFO] ThirdPartyUpdaterWithRetryManager:96 - Updater plugin is busy. [11/15]
2023-08-08 20:06:35,492 [INFO] ServerAccessManage:473 - Download File STMicroelectronics.X-CUBE-NFC4.pdsc
2023-08-08 20:06:35,958 [WARN] MainUpdater:1189 - Updater busy. Cannot search thirdparties
2023-08-08 20:06:35,961 [INFO] ThirdPartyUpdaterWithRetryManager:96 - Updater plugin is busy. [12/15]
2023-08-08 20:06:38,759 [INFO] ServerAccessManage:473 - Download File STMicroelectronics.X-CUBE-NFC7.pdsc
2023-08-08 20:06:38,967 [WARN] MainUpdater:1189 - Updater busy. Cannot search thirdparties
2023-08-08 20:06:38,968 [INFO] ThirdPartyUpdaterWithRetryManager:96 - Updater plugin is busy. [13/15]
2023-08-08 20:06:39,428 [INFO] ServerAccessManage:473 - Download File STMicroelectronics.X-CUBE-SFXS2LP1.pdsc
2023-08-08 20:06:40,623 [INFO] ServerAccessManage:473 - Download File STMicroelectronics.X-CUBE-SUBG2.pdsc
2023-08-08 20:06:41,970 [WARN] MainUpdater:1189 - Updater busy. Cannot search thirdparties
2023-08-08 20:06:41,970 [INFO] ThirdPartyUpdaterWithRetryManager:96 - Updater plugin is busy. [14/15]
2023-08-08 20:06:43,225 [INFO] ServerAccessManage:473 - Download File STMicroelectronics.X-CUBE-SMBUS.pdsc
2023-08-08 20:06:43,964 [ERROR] ServerAccessManage:1089 - Problem, file not found on Server
2023-08-08 20:06:44,037 [INFO] ServerAccessManage:473 - Download File STMicroelectronics.X-CUBE-TOF1.pdsc
2023-08-08 20:06:44,624 [ERROR] ServerAccessManage:1089 - Problem, file not found on Server
2023-08-08 20:06:44,916 [INFO] ServerAccessManage:473 - Download File STMicroelectronics.X-CUBE-TOUCHGFX.pdsc
2023-08-08 20:06:44,975 [WARN] MainUpdater:1189 - Updater busy. Cannot search thirdparties
2023-08-08 20:06:44,976 [INFO] ThirdPartyUpdaterWithRetryManager:96 - Updater plugin is busy. [15/15]
2023-08-08 20:06:44,983 [ERROR] IntegrityCheckThread:130 - Cannot retrieve database content from updater: error -1
2023-08-08 20:06:44,984 [INFO] ThirdParty:978 - Integrity check success = false
2023-08-08 20:06:44,985 [INFO] IntegrityCheckThread:100 - exiting critical section [integrity check]
2023-08-08 20:06:44,985 [INFO] IntegrityCheckThread:103 - End integrity checks thread
2023-08-08 20:06:52,448 [INFO] ServerAccessManage:473 - Download File STMicroelectronics.X-CUBE-ALGOBUILD.pdsc
2023-08-08 20:06:53,989 [INFO] ServerAccessManage:473 - Download File STMicroelectronics.X-CUBE-AZRTOS-H7.pdsc
2023-08-08 20:06:54,094 [ERROR] LogOutputStream:75 - [STDERR_REDIRECT] SLF4J: Failed to load class "org.slf4j.impl.StaticLoggerBinder".
2023-08-08 20:06:54,096 [ERROR] LogOutputStream:75 - [STDERR_REDIRECT] SLF4J: Defaulting to no-operation (NOP) logger implementation
2023-08-08 20:06:54,096 [ERROR] LogOutputStream:75 - [STDERR_REDIRECT] SLF4J: See http://www.slf4j.org/codes.html#StaticLoggerBinder for further details.
2023-08-08 20:06:56,228 [INFO] ServerAccessManage:473 - Download File STMicroelectronics.X-CUBE-AZRTOS-F4.pdsc
2023-08-08 20:06:57,388 [INFO] ServerAccessManage:473 - Download File STMicroelectronics.X-CUBE-AZRTOS-F7.pdsc
2023-08-08 20:06:58,321 [INFO] ServerAccessManage:473 - Download File STMicroelectronics.X-CUBE-AZRTOS-L4.pdsc
2023-08-08 20:06:59,072 [INFO] ServerAccessManage:473 - Download File STMicroelectronics.X-CUBE-AZRTOS-L5.pdsc
2023-08-08 20:06:59,808 [INFO] ServerAccessManage:473 - Download File STMicroelectronics.X-CUBE-AZRTOS-G0.pdsc
2023-08-08 20:07:00,630 [INFO] ServerAccessManage:473 - Download File STMicroelectronics.X-CUBE-AZRTOS-G4.pdsc
2023-08-08 20:07:01,462 [INFO] ServerAccessManage:473 - Download File STMicroelectronics.X-CUBE-AZRTOS-WB.pdsc
2023-08-08 20:07:01,951 [INFO] ServerAccessManage:473 - Download File STMicroelectronics.X-CUBE-AZRTOS-WL.pdsc
2023-08-08 20:07:02,714 [INFO] ServerAccessManage:473 - Download File wolfSSL.I-CUBE-wolfSSL.pdsc
2023-08-08 20:07:04,644 [ERROR] ServerAccessManage:1089 - Problem, file not found on Server
2023-08-08 20:07:05,049 [ERROR] ServerAccessManage:1089 - Problem, file not found on Server
2023-08-08 20:07:05,389 [ERROR] ServerAccessManage:1089 - Problem, file not found on Server
2023-08-08 20:07:05,695 [ERROR] ServerAccessManage:1096 - Problem, Http access forbiden
2023-08-08 20:07:05,698 [ERROR] ServerAccessManage:651 - Problem, Http access forbiden : RoweBots.I-CUBE-UNISONRTOS.pdsc.
2023-08-08 20:07:06,343 [INFO] ServerAccessManage:473 - Download File SEGGER.I-CUBE-embOS.pdsc
2023-08-08 20:07:08,059 [INFO] ServerAccessManage:473 - Download File portGmbH.I-Cube-SoM-uGOAL.pdsc
2023-08-08 20:07:09,420 [ERROR] ServerAccessManage:1089 - Problem, file not found on Server
2023-08-08 20:07:09,554 [ERROR] ServerAccessManage:1089 - Problem, file not found on Server
2023-08-08 20:07:09,690 [ERROR] ServerAccessManage:1089 - Problem, file not found on Server
2023-08-08 20:07:10,303 [INFO] ServerAccessManage:473 - Download File emotas.I-CUBE-CANOPEN.pdsc
2023-08-08 20:07:11,484 [INFO] ServerAccessManage:473 - Download File WES.I-CUBE-Cesium.pdsc
2023-08-08 20:07:12,820 [ERROR] ServerAccessManage:1089 - Problem, file not found on Server
2023-08-08 20:07:13,290 [ERROR] ServerAccessManage:1089 - Problem, file not found on Server
2023-08-08 20:07:13,708 [WARN] PackLoader:240 - Cannot read IP mode file for STMicroelectronics.FP-ATR-ASTRA1.2.0.0
2023-08-08 20:07:13,789 [WARN] PackLoader:240 - Cannot read IP mode file for STMicroelectronics.FP-ATR-SIGFOX1.3.2.0
2023-08-08 20:07:13,814 [WARN] CheckServerUpdateThread:151 - Open CheckUpdateFile Fail
2023-08-08 20:07:13,820 [WARN] PackLoader:240 - Cannot read IP mode file for STMicroelectronics.FP-SNS-FLIGHT1.5.0.2
2023-08-08 20:07:13,894 [WARN] PackLoader:240 - Cannot read IP mode file for STMicroelectronics.FP-SNS-MOTENV1.4.3.2
2023-08-08 20:07:13,929 [WARN] PackLoader:240 - Cannot read IP mode file for STMicroelectronics.X-CUBE-AI.8.1.0
2023-08-08 20:07:13,945 [WARN] PackLoader:240 - Cannot read IP mode file for STMicroelectronics.X-CUBE-ALS.1.0.1
2023-08-08 20:07:13,996 [INFO] CheckServerUpdateThread:120 - End of CheckServer Thread
2023-08-08 20:07:13,998 [WARN] PackLoader:240 - Cannot read IP mode file for STMicroelectronics.X-CUBE-BLE1.6.2.4
2023-08-08 20:07:14,027 [WARN] PackLoader:240 - Cannot read IP mode file for STMicroelectronics.X-CUBE-BLE2.3.3.0
2023-08-08 20:07:14,072 [WARN] PackLoader:240 - Cannot read IP mode file for STMicroelectronics.X-CUBE-BLEMGR.2.0.0
2023-08-08 20:07:14,107 [WARN] PackLoader:240 - Cannot read IP mode file for STMicroelectronics.X-CUBE-DISPLAY.3.0.0
2023-08-08 20:07:14,138 [WARN] PackLoader:240 - Cannot read IP mode file for STMicroelectronics.X-CUBE-EEPRMA1.4.1.0
2023-08-08 20:07:14,173 [WARN] PackLoader:240 - Cannot read IP mode file for STMicroelectronics.X-CUBE-FREERTOS.1.0.1
2023-08-08 20:07:14,190 [WARN] PackLoader:240 - Cannot read IP mode file for STMicroelectronics.X-CUBE-GNSS1.6.0.0
2023-08-08 20:07:14,204 [WARN] PackLoader:240 - Cannot read IP mode file for STMicroelectronics.X-CUBE-ISPU.1.1.0
2023-08-08 20:07:14,322 [WARN] PackLoader:240 - Cannot read IP mode file for STMicroelectronics.X-CUBE-MEMS1.9.6.0
2023-08-08 20:07:14,655 [WARN] PackLoader:240 - Cannot read IP mode file for STMicroelectronics.X-CUBE-NFC4.3.0.0
2023-08-08 20:07:14,699 [WARN] PackLoader:240 - Cannot read IP mode file for STMicroelectronics.X-CUBE-NFC7.1.0.1
2023-08-08 20:07:14,741 [WARN] PackLoader:240 - Cannot read IP mode file for STMicroelectronics.X-CUBE-SFXS2LP1.4.0.0
2023-08-08 20:07:14,791 [WARN] PackLoader:240 - Cannot read IP mode file for STMicroelectronics.X-CUBE-SUBG2.5.0.0
2023-08-08 20:07:14,829 [WARN] PackLoader:240 - Cannot read IP mode file for STMicroelectronics.X-CUBE-SMBUS.2.1.0
2023-08-08 20:07:14,845 [WARN] PackLoader:240 - Cannot read IP mode file for STMicroelectronics.X-CUBE-TOF1.3.3.1
2023-08-08 20:07:14,861 [WARN] PackLoader:240 - Cannot read IP mode file for STMicroelectronics.X-CUBE-TOUCHGFX.4.22.0
2023-08-08 20:07:14,870 [WARN] PackLoader:240 - Cannot read IP mode file for STMicroelectronics.X-CUBE-ALGOBUILD.1.3.0
2023-08-08 20:07:14,897 [WARN] ConditionMgr:438 - getConditionDescription Invalid condition id : UX DEVICE CLASS RTOS Condition cause : null
2023-08-08 20:07:14,898 [WARN] ConditionMgr:438 - getConditionDescription Invalid condition id : UX DEVICE CLASS RTOS Condition cause : null
2023-08-08 20:07:14,908 [WARN] PackLoader:240 - Cannot read IP mode file for STMicroelectronics.X-CUBE-AZRTOS-H7.3.1.0
2023-08-08 20:07:14,911 [WARN] ConditionMgr:1039 - genDependencies : Invalid condition id : UX DEVICE CLASS RTOS Condition cause : null
2023-08-08 20:07:14,911 [WARN] ConditionMgr:1039 - genDependencies : Invalid condition id : UX DEVICE CLASS RTOS Condition cause : null
2023-08-08 20:07:14,913 [WARN] ConditionMgr:1039 - genDependencies : Invalid condition id : UX DEVICE CLASS RTOS Condition cause : null
2023-08-08 20:07:14,914 [WARN] ConditionMgr:1039 - genDependencies : Invalid condition id : UX DEVICE CLASS RTOS Condition cause : null
2023-08-08 20:07:14,914 [WARN] ConditionMgr:1039 - genDependencies : Invalid condition id : UX DEVICE CLASS RTOS Condition cause : null
2023-08-08 20:07:14,963 [WARN] PackLoader:240 - Cannot read IP mode file for STMicroelectronics.X-CUBE-AZRTOS-F4.1.1.0
2023-08-08 20:07:14,991 [WARN] PackLoader:240 - Cannot read IP mode file for STMicroelectronics.X-CUBE-AZRTOS-F7.1.1.0
2023-08-08 20:07:15,030 [WARN] ConditionMgr:438 - getConditionDescription Invalid condition id : LAN8742 Phy interface Condition cause : null
2023-08-08 20:07:15,032 [WARN] PackLoader:240 - Cannot read IP mode file for STMicroelectronics.X-CUBE-AZRTOS-L4.2.0.0
2023-08-08 20:07:15,034 [WARN] ConditionMgr:1039 - genDependencies : Invalid condition id : LAN8742 Phy interface Condition cause : null
2023-08-08 20:07:15,035 [WARN] ConditionMgr:1039 - genDependencies : Invalid condition id : LAN8742 Phy interface Condition cause : null
2023-08-08 20:07:15,036 [WARN] ConditionMgr:1039 - genDependencies : Invalid condition id : LAN8742 Phy interface Condition cause : null
2023-08-08 20:07:15,080 [WARN] PackLoader:240 - Cannot read IP mode file for STMicroelectronics.X-CUBE-AZRTOS-L5.1.1.0
2023-08-08 20:07:15,110 [WARN] PackLoader:240 - Cannot read IP mode file for STMicroelectronics.X-CUBE-AZRTOS-G0.1.1.0
2023-08-08 20:07:15,138 [WARN] PackLoader:240 - Cannot read IP mode file for STMicroelectronics.X-CUBE-AZRTOS-G4.2.0.0
2023-08-08 20:07:15,156 [WARN] PackLoader:240 - Cannot read IP mode file for STMicroelectronics.X-CUBE-AZRTOS-WB.1.1.0
2023-08-08 20:07:15,169 [INFO] LogOutputStream:77 - [STDOUT_REDIRECT] 1 : Invalid condition id : UX_CORESTACK_Condition cause : null
2023-08-08 20:07:15,171 [INFO] LogOutputStream:77 - [STDOUT_REDIRECT] 1 : Invalid condition id : UX_CORESTACK_Condition cause : null
2023-08-08 20:07:15,171 [INFO] LogOutputStream:77 - [STDOUT_REDIRECT] 1 : Invalid condition id : UX_CORESTACK_Condition cause : null
2023-08-08 20:07:15,171 [INFO] LogOutputStream:77 - [STDOUT_REDIRECT] 1 : Invalid condition id : UX_CORESTACK_Condition cause : null
2023-08-08 20:07:15,172 [INFO] LogOutputStream:77 - [STDOUT_REDIRECT] 1 : Invalid condition id : UX_CORESTACK_Condition cause : null
2023-08-08 20:07:15,178 [WARN] PackLoader:240 - Cannot read IP mode file for STMicroelectronics.X-CUBE-AZRTOS-WL.2.0.0
2023-08-08 20:07:15,201 [WARN] PackLoader:240 - Cannot read IP mode file for wolfSSL.I-CUBE-wolfSSL.5.6.3
2023-08-08 20:07:15,306 [WARN] PackLoader:240 - Cannot read IP mode file for SEGGER.I-CUBE-embOS.1.3.1
2023-08-08 20:07:15,397 [WARN] PackLoader:240 - Cannot read IP mode file for portGmbH.I-Cube-SoM-uGOAL.1.1.0
2023-08-08 20:07:15,418 [WARN] PackLoader:240 - Cannot read IP mode file for emotas.I-CUBE-CANOPEN.1.3.0
2023-08-08 20:07:15,439 [WARN] PackLoader:240 - Cannot read IP mode file for WES.I-CUBE-Cesium.1.3.0
2023-08-08 20:07:15,439 [INFO] PopulateThirdPartyThread:66 - Ending populate Thread
2023-08-08 20:07:15,445 [INFO] ThirdParty:1030 - CMSIS Pack Vendor :STMicroelectronics X-CUBE-ISPU 1.1.0
2023-08-08 20:07:15,445 [INFO] ThirdParty:1030 - CMSIS Pack Vendor :STMicroelectronics X-CUBE-DISPLAY 3.0.0
2023-08-08 20:07:15,445 [INFO] ThirdParty:1030 - CMSIS Pack Vendor :STMicroelectronics X-CUBE-GNSS1 6.0.0
2023-08-08 20:07:15,445 [INFO] ThirdParty:1030 - CMSIS Pack Vendor :STMicroelectronics X-CUBE-AZRTOS-F4 1.1.0
2023-08-08 20:07:15,445 [INFO] ThirdParty:1030 - CMSIS Pack Vendor :STMicroelectronics FP-ATR-SIGFOX1 3.2.0
2023-08-08 20:07:15,445 [INFO] ThirdParty:1030 - CMSIS Pack Vendor :wolfSSL I-CUBE-wolfSSL 5.6.3
2023-08-08 20:07:15,445 [INFO] ThirdParty:1030 - CMSIS Pack Vendor :STMicroelectronics X-CUBE-SMBUS 2.1.0
2023-08-08 20:07:15,445 [INFO] ThirdParty:1030 - CMSIS Pack Vendor :emotas I-CUBE-CANOPEN 1.3.0
2023-08-08 20:07:15,445 [INFO] ThirdParty:1030 - CMSIS Pack Vendor :STMicroelectronics X-CUBE-FREERTOS 1.0.1
2023-08-08 20:07:15,445 [INFO] ThirdParty:1030 - CMSIS Pack Vendor :STMicroelectronics X-CUBE-NFC7 1.0.1
2023-08-08 20:07:15,445 [INFO] ThirdParty:1030 - CMSIS Pack Vendor :STMicroelectronics X-CUBE-TOUCHGFX 4.22.0
2023-08-08 20:07:15,445 [INFO] ThirdParty:1030 - CMSIS Pack Vendor :STMicroelectronics X-CUBE-AZRTOS-F7 1.1.0
2023-08-08 20:07:15,445 [INFO] ThirdParty:1030 - CMSIS Pack Vendor :STMicroelectronics X-CUBE-ALS 1.0.1
2023-08-08 20:07:15,445 [INFO] ThirdParty:1030 - CMSIS Pack Vendor :STMicroelectronics X-CUBE-EEPRMA1 4.1.0
2023-08-08 20:07:15,445 [INFO] ThirdParty:1030 - CMSIS Pack Vendor :portGmbH I-Cube-SoM-uGOAL 1.1.0
2023-08-08 20:07:15,445 [INFO] ThirdParty:1030 - CMSIS Pack Vendor :STMicroelectronics X-CUBE-MEMS1 9.6.0
2023-08-08 20:07:15,445 [INFO] ThirdParty:1030 - CMSIS Pack Vendor :STMicroelectronics X-CUBE-AZRTOS-WB 1.1.0
2023-08-08 20:07:15,445 [INFO] ThirdParty:1030 - CMSIS Pack Vendor :STMicroelectronics FP-SNS-MOTENV1 4.3.2
2023-08-08 20:07:15,446 [INFO] ThirdParty:1030 - CMSIS Pack Vendor :STMicroelectronics X-CUBE-ALGOBUILD 1.3.0
2023-08-08 20:07:15,446 [INFO] ThirdParty:1030 - CMSIS Pack Vendor :STMicroelectronics X-CUBE-AZRTOS-WL 2.0.0
2023-08-08 20:07:15,446 [INFO] ThirdParty:1030 - CMSIS Pack Vendor :SEGGER I-CUBE-embOS 1.3.1
2023-08-08 20:07:15,446 [INFO] ThirdParty:1030 - CMSIS Pack Vendor :STMicroelectronics X-CUBE-BLE1 6.2.4
2023-08-08 20:07:15,447 [INFO] ThirdParty:1030 - CMSIS Pack Vendor :STMicroelectronics X-CUBE-AZRTOS-L5 1.1.0
2023-08-08 20:07:15,447 [INFO] ThirdParty:1030 - CMSIS Pack Vendor :STMicroelectronics X-CUBE-AZRTOS-G0 1.1.0
2023-08-08 20:07:15,447 [INFO] ThirdParty:1030 - CMSIS Pack Vendor :STMicroelectronics X-CUBE-AI 8.1.0
2023-08-08 20:07:15,447 [INFO] ThirdParty:1030 - CMSIS Pack Vendor :STMicroelectronics X-CUBE-BLEMGR 2.0.0
2023-08-08 20:07:15,447 [INFO] ThirdParty:1030 - CMSIS Pack Vendor :STMicroelectronics X-CUBE-NFC4 3.0.0
2023-08-08 20:07:15,447 [INFO] ThirdParty:1030 - CMSIS Pack Vendor :STMicroelectronics X-CUBE-SUBG2 5.0.0
2023-08-08 20:07:15,447 [INFO] ThirdParty:1030 - CMSIS Pack Vendor :STMicroelectronics X-CUBE-AZRTOS-L4 2.0.0
2023-08-08 20:07:15,447 [INFO] ThirdParty:1030 - CMSIS Pack Vendor :STMicroelectronics FP-ATR-ASTRA1 2.0.0
2023-08-08 20:07:15,447 [INFO] ThirdParty:1030 - CMSIS Pack Vendor :WES I-CUBE-Cesium 1.3.0
2023-08-08 20:07:15,447 [INFO] ThirdParty:1030 - CMSIS Pack Vendor :STMicroelectronics X-CUBE-SFXS2LP1 4.0.0
2023-08-08 20:07:15,447 [INFO] ThirdParty:1030 - CMSIS Pack Vendor :STMicroelectronics FP-SNS-FLIGHT1 5.0.2
2023-08-08 20:07:15,447 [INFO] ThirdParty:1030 - CMSIS Pack Vendor :STMicroelectronics X-CUBE-BLE2 3.3.0
2023-08-08 20:07:15,447 [INFO] ThirdParty:1030 - CMSIS Pack Vendor :STMicroelectronics X-CUBE-TOF1 3.3.1
2023-08-08 20:07:15,447 [INFO] ThirdParty:1030 - CMSIS Pack Vendor :STMicroelectronics X-CUBE-AZRTOS-G4 2.0.0
2023-08-08 20:07:15,447 [INFO] ThirdParty:1030 - CMSIS Pack Vendor :STMicroelectronics X-CUBE-AZRTOS-H7 3.1.0
2023-08-08 20:07:15,448 [INFO] LoadServerUpdatesThread:373 - End of LoadServerUpdate Thread
2023-08-08 20:07:39,901 [INFO] LogOutputStream:77 - [STDOUT_REDIRECT] Unexpected error loading extension: org.eclipse.equinox.p2.metadata.repository.compositeRepository
2023-08-08 20:07:51,357 [INFO] Activator:176 - 


2023-08-08 20:07:51,359 [INFO] Activator:177 - !SESSION log4j initialized
2023-08-08 20:07:54,169 [ERROR] LogOutputStream:75 - [STDERR_REDIRECT] 
2023-08-08 20:07:54,864 [INFO] LogOutputStream:77 - [STDOUT_REDIRECT] 
2023-08-08 20:07:56,604 [INFO] LogOutputStream:77 - [STDOUT_REDIRECT] 
2023-08-08 20:07:58,633 [INFO] ApplicationProperties:184 - Using Application install path: /Applications/STM32CubeIDE.app/Contents/Eclipse/plugins/com.st.stm32cube.common.mx_6.9.1.202307191849
2023-08-08 20:07:58,644 [INFO] DbMcusXml:78 - Set database path to: /Applications/STM32CubeIDE.app/Contents/Eclipse/plugins/com.st.stm32cube.common.mx_6.9.1.202307191849//db//mcu/
2023-08-08 20:07:58,644 [INFO] ApiDb:274 - Set plugin database path to: /Applications/STM32CubeIDE.app/Contents/Eclipse/plugins/com.st.stm32cube.common.mx_6.9.1.202307191849//db//plugins/boardmanager/
2023-08-08 20:07:58,645 [WARN] ApiDb:259 - Overriding images path with different value:  => /Applications/STM32CubeIDE.app/Contents/Eclipse/plugins/com.st.stm32cube.common.mx_6.9.1.202307191849//db//plugins/mcufinder/images/
2023-08-08 20:07:58,661 [INFO] ApiDb:250 - Set database path to: /Users/dilnozabobokalonova/.stmcufinder/plugins/mcufinder//mcu/
2023-08-08 20:07:58,663 [INFO] DbMcusAds:125 - Set database path to: /Users/dilnozabobokalonova/.stmcufinder/plugins/mcufinder//mcu/
2023-08-08 20:07:58,664 [INFO] CrossReferenceDbSqlite:203 - Set database path to: /Users/dilnozabobokalonova/.stmcufinder/plugins/mcufinder//mcu/cs/
2023-08-08 20:07:58,792 [INFO] RulesReader:64 - Compatibility file has been processed (293 Rules)
2023-08-08 20:07:58,889 [INFO] DbMcusXml:78 - Set database path to: /Applications/STM32CubeIDE.app/Contents/Eclipse/plugins/com.st.stm32cube.common.mx_6.9.1.202307191849//db//mcu/
2023-08-08 20:07:58,890 [INFO] ApiDb:274 - Set plugin database path to: /Applications/STM32CubeIDE.app/Contents/Eclipse/plugins/com.st.stm32cube.common.mx_6.9.1.202307191849//db//plugins/boardmanager/
2023-08-08 20:07:58,893 [INFO] ApiDb:261 - Set plugin images path to: /Applications/STM32CubeIDE.app/Contents/Eclipse/plugins/com.st.stm32cube.common.mx_6.9.1.202307191849//db//plugins/mcufinder/images/
2023-08-08 20:07:58,894 [WARN] DbFile:41 - Overriding database path with different value: /Users/dilnozabobokalonova/.stmcufinder/plugins/mcufinder/ => /Users/dilnozabobokalonova/.stmcufinder/plugins/mcufinder
2023-08-08 20:07:58,895 [INFO] ApiDb:250 - Set database path to: /Users/dilnozabobokalonova/.stmcufinder/plugins/mcufinder//mcu/
2023-08-08 20:07:58,895 [WARN] DbFile:41 - Overriding database path with different value: /Users/dilnozabobokalonova/.stmcufinder/plugins/mcufinder/ => /Users/dilnozabobokalonova/.stmcufinder/plugins/mcufinder
2023-08-08 20:07:58,895 [INFO] DbMcusAds:125 - Set database path to: /Users/dilnozabobokalonova/.stmcufinder/plugins/mcufinder//mcu/
2023-08-08 20:07:58,895 [WARN] DbFile:41 - Overriding database path with different value: /Users/dilnozabobokalonova/.stmcufinder/plugins/mcufinder/ => /Users/dilnozabobokalonova/.stmcufinder/plugins/mcufinder
2023-08-08 20:07:58,895 [WARN] DbFile:41 - Overriding database path with different value: /Users/dilnozabobokalonova/.stmcufinder/plugins/mcufinder/ => /Users/dilnozabobokalonova/.stmcufinder/plugins/mcufinder
2023-08-08 20:07:58,895 [INFO] CrossReferenceDbSqlite:203 - Set database path to: /Users/dilnozabobokalonova/.stmcufinder/plugins/mcufinder//mcu/cs/
2023-08-08 20:07:58,993 [INFO] MainPanel:262 - HeapMemory: 268435456
2023-08-08 20:07:59,119 [INFO] DbMcusXml:78 - Set database path to: /Applications/STM32CubeIDE.app/Contents/Eclipse/plugins/com.st.stm32cube.common.mx_6.9.1.202307191849//db//mcu/
2023-08-08 20:07:59,119 [INFO] ApiDb:274 - Set plugin database path to: /Applications/STM32CubeIDE.app/Contents/Eclipse/plugins/com.st.stm32cube.common.mx_6.9.1.202307191849//db//plugins/boardmanager/
2023-08-08 20:07:59,120 [INFO] ApiDb:261 - Set plugin images path to: /Applications/STM32CubeIDE.app/Contents/Eclipse/plugins/com.st.stm32cube.common.mx_6.9.1.202307191849//db//plugins/mcufinder/images/
2023-08-08 20:07:59,121 [WARN] DbFile:41 - Overriding database path with different value: /Users/dilnozabobokalonova/.stmcufinder/plugins/mcufinder/ => /Users/dilnozabobokalonova/.stmcufinder/plugins/mcufinder
2023-08-08 20:07:59,121 [INFO] ApiDb:250 - Set database path to: /Users/dilnozabobokalonova/.stmcufinder/plugins/mcufinder//mcu/
2023-08-08 20:07:59,121 [WARN] DbFile:41 - Overriding database path with different value: /Users/dilnozabobokalonova/.stmcufinder/plugins/mcufinder/ => /Users/dilnozabobokalonova/.stmcufinder/plugins/mcufinder
2023-08-08 20:07:59,121 [INFO] DbMcusAds:125 - Set database path to: /Users/dilnozabobokalonova/.stmcufinder/plugins/mcufinder//mcu/
2023-08-08 20:07:59,121 [WARN] DbFile:41 - Overriding database path with different value: /Users/dilnozabobokalonova/.stmcufinder/plugins/mcufinder/ => /Users/dilnozabobokalonova/.stmcufinder/plugins/mcufinder
2023-08-08 20:07:59,121 [WARN] DbFile:41 - Overriding database path with different value: /Users/dilnozabobokalonova/.stmcufinder/plugins/mcufinder/ => /Users/dilnozabobokalonova/.stmcufinder/plugins/mcufinder
2023-08-08 20:07:59,121 [INFO] CrossReferenceDbSqlite:203 - Set database path to: /Users/dilnozabobokalonova/.stmcufinder/plugins/mcufinder//mcu/cs/
2023-08-08 20:07:59,156 [INFO] ApplicationProperties:184 - Using Application install path: /Applications/STM32CubeIDE.app/Contents/Eclipse/plugins/com.st.stm32cube.common.mx_6.9.1.202307191849
2023-08-08 20:07:59,158 [INFO] PluginManage:196 - Search for loadable plugins [exclusion list=, ]
2023-08-08 20:07:59,161 [INFO] PluginManage:310 - Check plugin analytics
2023-08-08 20:07:59,472 [INFO] AnalyticsPlugin:253 - Accepted Software Licenses: 
2023-08-08 20:07:59,473 [INFO] AnalyticsPlugin:255 - Accepted CMSIS Pack Licenses: 
2023-08-08 20:07:59,474 [INFO] AnalyticsPlugin:257 - Accepted Firmware Licenses: 
2023-08-08 20:07:59,503 [INFO] PluginManage:359 - Loaded plugin analytics (category:tool,tabindex:-1)
2023-08-08 20:07:59,507 [INFO] PluginManage:310 - Check plugin cadmodel
2023-08-08 20:07:59,699 [INFO] CADModel:105 - Init CAD model plugin
2023-08-08 20:07:59,699 [INFO] PluginManage:359 - Loaded plugin cadmodel (category:power,tabindex:5)
2023-08-08 20:07:59,700 [INFO] PluginManage:310 - Check plugin clock
2023-08-08 20:07:59,711 [INFO] PluginManage:359 - Loaded plugin clock (category:base,tabindex:2)
2023-08-08 20:07:59,712 [INFO] PluginManage:310 - Check plugin ddr
2023-08-08 20:07:59,714 [INFO] PluginManage:359 - Loaded plugin ddr (category:tool,tabindex:6)
2023-08-08 20:07:59,714 [INFO] PluginManage:310 - Check plugin filemanager
2023-08-08 20:07:59,840 [INFO] McuFinderGlobals:63 - Set McuFinder mode to 2 (CubeIDE integrated)
2023-08-08 20:07:59,910 [INFO] PluginManage:359 - Loaded plugin filemanager (category:base,tabindex:10)
2023-08-08 20:07:59,911 [INFO] PluginManage:310 - Check plugin ipmanager
2023-08-08 20:07:59,919 [INFO] PluginManage:359 - Loaded plugin ipmanager (category:base,tabindex:5)
2023-08-08 20:07:59,919 [INFO] PluginManage:310 - Check plugin lpbam
2023-08-08 20:07:59,925 [INFO] PluginManage:359 - Loaded plugin lpbam (category:base,tabindex:0)
2023-08-08 20:07:59,926 [INFO] PluginManage:310 - Check plugin memorymap
2023-08-08 20:07:59,934 [INFO] PluginManage:359 - Loaded plugin memorymap (category:base,tabindex:4)
2023-08-08 20:07:59,934 [INFO] PluginManage:310 - Check plugin pinoutandconfiguration
2023-08-08 20:07:59,939 [INFO] PluginManage:359 - Loaded plugin pinoutandconfiguration (category:base,tabindex:1)
2023-08-08 20:07:59,939 [INFO] PluginManage:310 - Check plugin pinoutconfig
2023-08-08 20:08:00,005 [WARN] SupportedApi:132 - Cannot load RTOS API schema: s4s-elt-must-match.1: The content of 'definitions' must match (annotation?, (simpleType | complexType)?, (unique | key | keyref)*)). A problem was found starting at: attribute.
2023-08-08 20:08:00,167 [INFO] PluginManage:359 - Loaded plugin pinoutconfig (category:base,tabindex:0)
2023-08-08 20:08:00,168 [INFO] PluginManage:310 - Check plugin power
2023-08-08 20:08:00,182 [INFO] PluginManage:359 - Loaded plugin power (category:power,tabindex:4)
2023-08-08 20:08:00,183 [INFO] PluginManage:310 - Check plugin projectmanager
2023-08-08 20:08:00,276 [INFO] PluginManage:359 - Loaded plugin projectmanager (category:projectmanager,tabindex:3)
2023-08-08 20:08:00,278 [INFO] PluginManage:310 - Check plugin thirdparty
2023-08-08 20:08:00,457 [INFO] PluginManage:359 - Loaded plugin thirdparty (category:base,tabindex:-1)
2023-08-08 20:08:00,458 [INFO] PluginManage:310 - Check plugin tools
2023-08-08 20:08:00,457 [WARN] IntegrityCheckThread:84 - waiting for thirdparty lock release [integrity check]
2023-08-08 20:08:00,459 [INFO] IntegrityCheckThread:86 - entering critical section [integrity check]
2023-08-08 20:08:00,460 [INFO] ThirdPartyUpdaterWithRetryManager:70 - Updater plugin not ready yet. [1/15]
2023-08-08 20:08:00,460 [INFO] PluginManage:359 - Loaded plugin tools (category:base,tabindex:7)
2023-08-08 20:08:00,460 [INFO] PluginManage:310 - Check plugin tutovideos
2023-08-08 20:08:00,619 [INFO] PluginManage:359 - Loaded plugin tutovideos (category:base,tabindex:-1)
2023-08-08 20:08:00,620 [INFO] PluginManage:310 - Check plugin updater
2023-08-08 20:08:00,634 [INFO] PluginManage:359 - Loaded plugin updater (category:base,tabindex:12)
2023-08-08 20:08:00,634 [INFO] PluginManage:310 - Check plugin userauth
2023-08-08 20:08:00,639 [INFO] UserAuth:113 - Init User Auth plugin
2023-08-08 20:08:00,639 [INFO] PluginManage:359 - Loaded plugin userauth (category:base,tabindex:14)
2023-08-08 20:08:00,640 [INFO] PluginManage:283 - PluginManage : Loaded plugins [17]
2023-08-08 20:08:03,468 [INFO] ThirdPartyUpdaterWithRetryManager:70 - Updater plugin not ready yet. [2/15]
2023-08-08 20:08:06,472 [INFO] ThirdPartyUpdaterWithRetryManager:70 - Updater plugin not ready yet. [3/15]
2023-08-08 20:08:09,484 [INFO] ThirdPartyUpdaterWithRetryManager:70 - Updater plugin not ready yet. [4/15]
2023-08-08 20:08:12,492 [INFO] ThirdPartyUpdaterWithRetryManager:70 - Updater plugin not ready yet. [5/15]
2023-08-08 20:08:15,501 [INFO] ThirdPartyUpdaterWithRetryManager:70 - Updater plugin not ready yet. [6/15]
2023-08-08 20:08:18,508 [INFO] ThirdPartyUpdaterWithRetryManager:70 - Updater plugin not ready yet. [7/15]
2023-08-08 20:08:21,516 [INFO] ThirdPartyUpdaterWithRetryManager:70 - Updater plugin not ready yet. [8/15]
2023-08-08 20:08:24,526 [INFO] ThirdPartyUpdaterWithRetryManager:70 - Updater plugin not ready yet. [9/15]
2023-08-08 20:08:27,533 [INFO] ThirdPartyUpdaterWithRetryManager:70 - Updater plugin not ready yet. [10/15]
2023-08-08 20:08:30,540 [INFO] ThirdPartyUpdaterWithRetryManager:70 - Updater plugin not ready yet. [11/15]
2023-08-08 20:08:33,552 [INFO] ThirdPartyUpdaterWithRetryManager:70 - Updater plugin not ready yet. [12/15]
2023-08-08 20:08:36,559 [INFO] ThirdPartyUpdaterWithRetryManager:70 - Updater plugin not ready yet. [13/15]
2023-08-08 20:08:39,565 [INFO] ThirdPartyUpdaterWithRetryManager:70 - Updater plugin not ready yet. [14/15]
2023-08-08 20:08:42,571 [INFO] ThirdPartyUpdaterWithRetryManager:70 - Updater plugin not ready yet. [15/15]
2023-08-08 20:08:42,573 [ERROR] AbstractThirdPartyUpdaterManager:170 - Updater plugin not retrieved
2023-08-08 20:08:42,578 [ERROR] IntegrityCheckThread:130 - Cannot retrieve database content from updater: error -1
2023-08-08 20:08:42,582 [INFO] ThirdParty:978 - Integrity check success = false
2023-08-08 20:08:42,583 [INFO] IntegrityCheckThread:100 - exiting critical section [integrity check]
2023-08-08 20:08:42,583 [INFO] IntegrityCheckThread:103 - End integrity checks thread
2023-08-08 20:09:00,314 [INFO] Activator:176 - 


2023-08-08 20:09:00,316 [INFO] Activator:177 - !SESSION log4j initialized
2023-08-08 20:09:02,860 [ERROR] LogOutputStream:75 - [STDERR_REDIRECT] 
2023-08-08 20:09:03,255 [INFO] LogOutputStream:77 - [STDOUT_REDIRECT] 
2023-08-08 20:09:05,049 [INFO] LogOutputStream:77 - [STDOUT_REDIRECT] 
2023-08-08 20:09:07,116 [INFO] ApplicationProperties:184 - Using Application install path: /Applications/STM32CubeIDE.app/Contents/Eclipse/plugins/com.st.stm32cube.common.mx_6.9.1.202307191849
2023-08-08 20:09:07,129 [INFO] DbMcusXml:78 - Set database path to: /Applications/STM32CubeIDE.app/Contents/Eclipse/plugins/com.st.stm32cube.common.mx_6.9.1.202307191849//db//mcu/
2023-08-08 20:09:07,129 [INFO] ApiDb:274 - Set plugin database path to: /Applications/STM32CubeIDE.app/Contents/Eclipse/plugins/com.st.stm32cube.common.mx_6.9.1.202307191849//db//plugins/boardmanager/
2023-08-08 20:09:07,130 [WARN] ApiDb:259 - Overriding images path with different value:  => /Applications/STM32CubeIDE.app/Contents/Eclipse/plugins/com.st.stm32cube.common.mx_6.9.1.202307191849//db//plugins/mcufinder/images/
2023-08-08 20:09:07,147 [INFO] ApiDb:250 - Set database path to: /Users/dilnozabobokalonova/.stmcufinder/plugins/mcufinder//mcu/
2023-08-08 20:09:07,148 [INFO] DbMcusAds:125 - Set database path to: /Users/dilnozabobokalonova/.stmcufinder/plugins/mcufinder//mcu/
2023-08-08 20:09:07,150 [INFO] CrossReferenceDbSqlite:203 - Set database path to: /Users/dilnozabobokalonova/.stmcufinder/plugins/mcufinder//mcu/cs/
2023-08-08 20:09:07,272 [INFO] RulesReader:64 - Compatibility file has been processed (293 Rules)
2023-08-08 20:09:07,337 [INFO] DbMcusXml:78 - Set database path to: /Applications/STM32CubeIDE.app/Contents/Eclipse/plugins/com.st.stm32cube.common.mx_6.9.1.202307191849//db//mcu/
2023-08-08 20:09:07,337 [INFO] ApiDb:274 - Set plugin database path to: /Applications/STM32CubeIDE.app/Contents/Eclipse/plugins/com.st.stm32cube.common.mx_6.9.1.202307191849//db//plugins/boardmanager/
2023-08-08 20:09:07,337 [INFO] ApiDb:261 - Set plugin images path to: /Applications/STM32CubeIDE.app/Contents/Eclipse/plugins/com.st.stm32cube.common.mx_6.9.1.202307191849//db//plugins/mcufinder/images/
2023-08-08 20:09:07,338 [WARN] DbFile:41 - Overriding database path with different value: /Users/dilnozabobokalonova/.stmcufinder/plugins/mcufinder/ => /Users/dilnozabobokalonova/.stmcufinder/plugins/mcufinder
2023-08-08 20:09:07,338 [INFO] ApiDb:250 - Set database path to: /Users/dilnozabobokalonova/.stmcufinder/plugins/mcufinder//mcu/
2023-08-08 20:09:07,338 [WARN] DbFile:41 - Overriding database path with different value: /Users/dilnozabobokalonova/.stmcufinder/plugins/mcufinder/ => /Users/dilnozabobokalonova/.stmcufinder/plugins/mcufinder
2023-08-08 20:09:07,338 [INFO] DbMcusAds:125 - Set database path to: /Users/dilnozabobokalonova/.stmcufinder/plugins/mcufinder//mcu/
2023-08-08 20:09:07,338 [WARN] DbFile:41 - Overriding database path with different value: /Users/dilnozabobokalonova/.stmcufinder/plugins/mcufinder/ => /Users/dilnozabobokalonova/.stmcufinder/plugins/mcufinder
2023-08-08 20:09:07,338 [WARN] DbFile:41 - Overriding database path with different value: /Users/dilnozabobokalonova/.stmcufinder/plugins/mcufinder/ => /Users/dilnozabobokalonova/.stmcufinder/plugins/mcufinder
2023-08-08 20:09:07,338 [INFO] CrossReferenceDbSqlite:203 - Set database path to: /Users/dilnozabobokalonova/.stmcufinder/plugins/mcufinder//mcu/cs/
2023-08-08 20:09:07,418 [INFO] MainPanel:262 - HeapMemory: 268435456
2023-08-08 20:09:07,489 [INFO] DbMcusXml:78 - Set database path to: /Applications/STM32CubeIDE.app/Contents/Eclipse/plugins/com.st.stm32cube.common.mx_6.9.1.202307191849//db//mcu/
2023-08-08 20:09:07,490 [INFO] ApiDb:274 - Set plugin database path to: /Applications/STM32CubeIDE.app/Contents/Eclipse/plugins/com.st.stm32cube.common.mx_6.9.1.202307191849//db//plugins/boardmanager/
2023-08-08 20:09:07,490 [INFO] ApiDb:261 - Set plugin images path to: /Applications/STM32CubeIDE.app/Contents/Eclipse/plugins/com.st.stm32cube.common.mx_6.9.1.202307191849//db//plugins/mcufinder/images/
2023-08-08 20:09:07,490 [WARN] DbFile:41 - Overriding database path with different value: /Users/dilnozabobokalonova/.stmcufinder/plugins/mcufinder/ => /Users/dilnozabobokalonova/.stmcufinder/plugins/mcufinder
2023-08-08 20:09:07,490 [INFO] ApiDb:250 - Set database path to: /Users/dilnozabobokalonova/.stmcufinder/plugins/mcufinder//mcu/
2023-08-08 20:09:07,490 [WARN] DbFile:41 - Overriding database path with different value: /Users/dilnozabobokalonova/.stmcufinder/plugins/mcufinder/ => /Users/dilnozabobokalonova/.stmcufinder/plugins/mcufinder
2023-08-08 20:09:07,490 [INFO] DbMcusAds:125 - Set database path to: /Users/dilnozabobokalonova/.stmcufinder/plugins/mcufinder//mcu/
2023-08-08 20:09:07,490 [WARN] DbFile:41 - Overriding database path with different value: /Users/dilnozabobokalonova/.stmcufinder/plugins/mcufinder/ => /Users/dilnozabobokalonova/.stmcufinder/plugins/mcufinder
2023-08-08 20:09:07,490 [WARN] DbFile:41 - Overriding database path with different value: /Users/dilnozabobokalonova/.stmcufinder/plugins/mcufinder/ => /Users/dilnozabobokalonova/.stmcufinder/plugins/mcufinder
2023-08-08 20:09:07,490 [INFO] CrossReferenceDbSqlite:203 - Set database path to: /Users/dilnozabobokalonova/.stmcufinder/plugins/mcufinder//mcu/cs/
2023-08-08 20:09:07,508 [INFO] ApplicationProperties:184 - Using Application install path: /Applications/STM32CubeIDE.app/Contents/Eclipse/plugins/com.st.stm32cube.common.mx_6.9.1.202307191849
2023-08-08 20:09:07,509 [INFO] PluginManage:196 - Search for loadable plugins [exclusion list=, ]
2023-08-08 20:09:07,511 [INFO] PluginManage:310 - Check plugin analytics
2023-08-08 20:09:07,675 [INFO] AnalyticsPlugin:253 - Accepted Software Licenses: 
2023-08-08 20:09:07,676 [INFO] AnalyticsPlugin:255 - Accepted CMSIS Pack Licenses: 
2023-08-08 20:09:07,676 [INFO] AnalyticsPlugin:257 - Accepted Firmware Licenses: 
2023-08-08 20:09:07,680 [INFO] PluginManage:359 - Loaded plugin analytics (category:tool,tabindex:-1)
2023-08-08 20:09:07,682 [INFO] PluginManage:310 - Check plugin cadmodel
2023-08-08 20:09:07,848 [INFO] CADModel:105 - Init CAD model plugin
2023-08-08 20:09:07,848 [INFO] PluginManage:359 - Loaded plugin cadmodel (category:power,tabindex:5)
2023-08-08 20:09:07,849 [INFO] PluginManage:310 - Check plugin clock
2023-08-08 20:09:07,860 [INFO] PluginManage:359 - Loaded plugin clock (category:base,tabindex:2)
2023-08-08 20:09:07,860 [INFO] PluginManage:310 - Check plugin ddr
2023-08-08 20:09:07,862 [INFO] PluginManage:359 - Loaded plugin ddr (category:tool,tabindex:6)
2023-08-08 20:09:07,862 [INFO] PluginManage:310 - Check plugin filemanager
2023-08-08 20:09:08,000 [INFO] PluginManage:359 - Loaded plugin filemanager (category:base,tabindex:10)
2023-08-08 20:09:08,000 [INFO] PluginManage:310 - Check plugin ipmanager
2023-08-08 20:09:08,009 [INFO] PluginManage:359 - Loaded plugin ipmanager (category:base,tabindex:5)
2023-08-08 20:09:08,009 [INFO] PluginManage:310 - Check plugin lpbam
2023-08-08 20:09:08,017 [INFO] PluginManage:359 - Loaded plugin lpbam (category:base,tabindex:0)
2023-08-08 20:09:08,017 [INFO] PluginManage:310 - Check plugin memorymap
2023-08-08 20:09:08,026 [INFO] PluginManage:359 - Loaded plugin memorymap (category:base,tabindex:4)
2023-08-08 20:09:08,026 [INFO] PluginManage:310 - Check plugin pinoutandconfiguration
2023-08-08 20:09:08,033 [INFO] PluginManage:359 - Loaded plugin pinoutandconfiguration (category:base,tabindex:1)
2023-08-08 20:09:08,033 [INFO] PluginManage:310 - Check plugin pinoutconfig
2023-08-08 20:09:08,118 [WARN] SupportedApi:132 - Cannot load RTOS API schema: s4s-elt-must-match.1: The content of 'definitions' must match (annotation?, (simpleType | complexType)?, (unique | key | keyref)*)). A problem was found starting at: attribute.
2023-08-08 20:09:08,248 [INFO] PluginManage:359 - Loaded plugin pinoutconfig (category:base,tabindex:0)
2023-08-08 20:09:08,248 [INFO] PluginManage:310 - Check plugin power
2023-08-08 20:09:08,259 [INFO] PluginManage:359 - Loaded plugin power (category:power,tabindex:4)
2023-08-08 20:09:08,259 [INFO] PluginManage:310 - Check plugin projectmanager
2023-08-08 20:09:08,283 [INFO] PluginManage:359 - Loaded plugin projectmanager (category:projectmanager,tabindex:3)
2023-08-08 20:09:08,283 [INFO] PluginManage:310 - Check plugin thirdparty
2023-08-08 20:09:08,631 [INFO] PluginManage:359 - Loaded plugin thirdparty (category:base,tabindex:-1)
2023-08-08 20:09:08,631 [WARN] IntegrityCheckThread:84 - waiting for thirdparty lock release [integrity check]
2023-08-08 20:09:08,634 [INFO] IntegrityCheckThread:86 - entering critical section [integrity check]
2023-08-08 20:09:08,634 [INFO] PluginManage:310 - Check plugin tools
2023-08-08 20:09:08,636 [INFO] ThirdPartyUpdaterWithRetryManager:70 - Updater plugin not ready yet. [1/15]
2023-08-08 20:09:08,644 [INFO] PluginManage:359 - Loaded plugin tools (category:base,tabindex:7)
2023-08-08 20:09:08,645 [INFO] PluginManage:310 - Check plugin tutovideos
2023-08-08 20:09:08,840 [INFO] PluginManage:359 - Loaded plugin tutovideos (category:base,tabindex:-1)
2023-08-08 20:09:08,841 [INFO] PluginManage:310 - Check plugin updater
2023-08-08 20:09:08,860 [INFO] PluginManage:359 - Loaded plugin updater (category:base,tabindex:12)
2023-08-08 20:09:08,861 [INFO] PluginManage:310 - Check plugin userauth
2023-08-08 20:09:08,868 [INFO] UserAuth:113 - Init User Auth plugin
2023-08-08 20:09:08,868 [INFO] PluginManage:359 - Loaded plugin userauth (category:base,tabindex:14)
2023-08-08 20:09:08,869 [INFO] PluginManage:283 - PluginManage : Loaded plugins [17]
2023-08-08 20:09:09,233 [INFO] PinOutPanel:1499 - setPackage(No Configuration,No Configuration)
2023-08-08 20:09:09,336 [INFO] CADModel:165 - CPN selected for project level
2023-08-08 20:09:09,336 [INFO] CADModel:114 - Register for checkConnection events
2023-08-08 20:09:09,350 [INFO] IPUIPlugin:80 - create IPUIPlugin
2023-08-08 20:09:09,351 [INFO] PluginManager:220 - loadIPPluginJar : add mdma
2023-08-08 20:09:09,360 [INFO] IPUIPlugin:80 - create IPUIPlugin
2023-08-08 20:09:09,360 [INFO] PluginManager:220 - loadIPPluginJar : add freertos
2023-08-08 20:09:09,365 [INFO] IPUIPlugin:80 - create IPUIPlugin
2023-08-08 20:09:09,365 [INFO] PluginManager:220 - loadIPPluginJar : add gic
2023-08-08 20:09:09,372 [INFO] IPUIPlugin:80 - create IPUIPlugin
2023-08-08 20:09:09,372 [INFO] PluginManager:220 - loadIPPluginJar : add adc
2023-08-08 20:09:09,376 [INFO] IPUIPlugin:80 - create IPUIPlugin
2023-08-08 20:09:09,376 [INFO] PluginManager:220 - loadIPPluginJar : add gtzc
2023-08-08 20:09:09,383 [INFO] IPUIPlugin:80 - create IPUIPlugin
2023-08-08 20:09:09,383 [INFO] PluginManager:220 - loadIPPluginJar : add quadspi
2023-08-08 20:09:09,387 [INFO] IPUIPlugin:80 - create IPUIPlugin
2023-08-08 20:09:09,388 [INFO] PluginManager:220 - loadIPPluginJar : add aes
2023-08-08 20:09:09,398 [INFO] IPUIPlugin:80 - create IPUIPlugin
2023-08-08 20:09:09,398 [INFO] PluginManager:220 - loadIPPluginJar : add pdm2pcm
2023-08-08 20:09:09,403 [INFO] IPUIPlugin:80 - create IPUIPlugin
2023-08-08 20:09:09,403 [INFO] PluginManager:220 - loadIPPluginJar : add hash
2023-08-08 20:09:09,406 [INFO] IPUIPlugin:80 - create IPUIPlugin
2023-08-08 20:09:09,406 [INFO] PluginManager:220 - loadIPPluginJar : add tim
2023-08-08 20:09:09,409 [INFO] IPUIPlugin:80 - create IPUIPlugin
2023-08-08 20:09:09,409 [INFO] PluginManager:220 - loadIPPluginJar : add tsc
2023-08-08 20:09:09,411 [INFO] IPUIPlugin:80 - create IPUIPlugin
2023-08-08 20:09:09,412 [INFO] PluginManager:220 - loadIPPluginJar : add ts
2023-08-08 20:09:09,414 [INFO] IPUIPlugin:80 - create IPUIPlugin
2023-08-08 20:09:09,414 [INFO] PluginManager:220 - loadIPPluginJar : add can
2023-08-08 20:09:09,418 [INFO] IPUIPlugin:80 - create IPUIPlugin
2023-08-08 20:09:09,419 [INFO] PluginManager:220 - loadIPPluginJar : add dma3
2023-08-08 20:09:09,422 [INFO] IPUIPlugin:80 - create IPUIPlugin
2023-08-08 20:09:09,422 [INFO] PluginManager:220 - loadIPPluginJar : add dfsdm
2023-08-08 20:09:09,425 [INFO] IPUIPlugin:80 - create IPUIPlugin
2023-08-08 20:09:09,425 [INFO] PluginManager:220 - loadIPPluginJar : add spi
2023-08-08 20:09:09,428 [INFO] IPUIPlugin:80 - create IPUIPlugin
2023-08-08 20:09:09,428 [INFO] PluginManager:220 - loadIPPluginJar : add gfxmmu
2023-08-08 20:09:09,430 [INFO] IPUIPlugin:80 - create IPUIPlugin
2023-08-08 20:09:09,431 [INFO] PluginManager:220 - loadIPPluginJar : add genericplugin
2023-08-08 20:09:09,433 [INFO] IPUIPlugin:80 - create IPUIPlugin
2023-08-08 20:09:09,433 [INFO] PluginManager:220 - loadIPPluginJar : add cryp
2023-08-08 20:09:09,437 [INFO] IPUIPlugin:80 - create IPUIPlugin
2023-08-08 20:09:09,437 [INFO] PluginManager:220 - loadIPPluginJar : add gpio
2023-08-08 20:09:09,439 [INFO] IPUIPlugin:80 - create IPUIPlugin
2023-08-08 20:09:09,440 [INFO] PluginManager:220 - loadIPPluginJar : add comp
2023-08-08 20:09:09,444 [INFO] IPUIPlugin:80 - create IPUIPlugin
2023-08-08 20:09:09,445 [INFO] PluginManager:220 - loadIPPluginJar : add tracer_emb
2023-08-08 20:09:09,448 [INFO] IPUIPlugin:80 - create IPUIPlugin
2023-08-08 20:09:09,449 [INFO] PluginManager:220 - loadIPPluginJar : add openamp
2023-08-08 20:09:09,454 [INFO] IPUIPlugin:80 - create IPUIPlugin
2023-08-08 20:09:09,454 [INFO] PluginManager:220 - loadIPPluginJar : add stm32_wpan
2023-08-08 20:09:09,458 [INFO] IPUIPlugin:80 - create IPUIPlugin
2023-08-08 20:09:09,472 [INFO] PluginManager:220 - loadIPPluginJar : add plateformsettings
2023-08-08 20:09:09,478 [INFO] IPUIPlugin:80 - create IPUIPlugin
2023-08-08 20:09:09,478 [INFO] PluginManager:220 - loadIPPluginJar : add ipddr
2023-08-08 20:09:09,481 [INFO] IPUIPlugin:80 - create IPUIPlugin
2023-08-08 20:09:09,481 [INFO] PluginManager:220 - loadIPPluginJar : add usart
2023-08-08 20:09:09,481 [INFO] IPUIPlugin:80 - create IPUIPlugin
2023-08-08 20:09:09,481 [INFO] PluginManager:220 - loadIPPluginJar : add ltdc
2023-08-08 20:09:09,484 [INFO] IPUIPlugin:80 - create IPUIPlugin
2023-08-08 20:09:09,484 [INFO] PluginManager:220 - loadIPPluginJar : add nvic
2023-08-08 20:09:09,485 [INFO] IPUIPlugin:80 - create IPUIPlugin
2023-08-08 20:09:09,485 [INFO] PluginManager:220 - loadIPPluginJar : add fatfs
2023-08-08 20:09:09,491 [INFO] IPUIPlugin:80 - create IPUIPlugin
2023-08-08 20:09:09,491 [INFO] PluginManager:220 - loadIPPluginJar : add linkedlist
2023-08-08 20:09:09,494 [INFO] IPUIPlugin:80 - create IPUIPlugin
2023-08-08 20:09:09,495 [INFO] PluginManager:220 - loadIPPluginJar : add dma
2023-08-08 20:09:09,497 [INFO] IPUIPlugin:80 - create IPUIPlugin
2023-08-08 20:09:09,498 [INFO] PluginManager:220 - loadIPPluginJar : add fmc
2023-08-08 20:09:09,499 [INFO] IPUIPlugin:80 - create IPUIPlugin
2023-08-08 20:09:09,499 [INFO] PluginManager:220 - loadIPPluginJar : add i2s
2023-08-08 20:09:09,500 [INFO] IPUIPlugin:80 - create IPUIPlugin
2023-08-08 20:09:09,501 [INFO] PluginManager:220 - loadIPPluginJar : add ucpd
2023-08-08 20:09:09,503 [INFO] IPUIPlugin:80 - create IPUIPlugin
2023-08-08 20:09:09,503 [INFO] PluginManager:220 - loadIPPluginJar : add lorawan
2023-08-08 20:09:09,506 [INFO] IPUIPlugin:80 - create IPUIPlugin
2023-08-08 20:09:09,506 [INFO] PluginManager:220 - loadIPPluginJar : add opamp
2023-08-08 20:09:09,507 [INFO] IPUIPlugin:80 - create IPUIPlugin
2023-08-08 20:09:09,507 [INFO] PluginManager:220 - loadIPPluginJar : add i3c
2023-08-08 20:09:09,509 [INFO] IPUIPlugin:80 - create IPUIPlugin
2023-08-08 20:09:09,509 [INFO] PluginManager:220 - loadIPPluginJar : add touchsensing
2023-08-08 20:09:09,511 [INFO] IPUIPlugin:80 - create IPUIPlugin
2023-08-08 20:09:09,511 [INFO] PluginManager:220 - loadIPPluginJar : add i2c
2023-08-08 20:09:09,514 [INFO] IPUIPlugin:80 - create IPUIPlugin
2023-08-08 20:09:09,514 [INFO] PluginManager:220 - loadIPPluginJar : add resmgrutility
2023-08-08 20:09:09,516 [INFO] IPUIPlugin:80 - create IPUIPlugin
2023-08-08 20:09:09,516 [INFO] PluginManager:220 - loadIPPluginJar : add sai
2023-08-08 20:09:09,518 [INFO] IPUIPlugin:80 - create IPUIPlugin
2023-08-08 20:09:09,518 [INFO] PluginManager:220 - loadIPPluginJar : add usbx
2023-08-08 20:09:09,706 [INFO] CADModel:165 - CPN selected for project level
2023-08-08 20:09:09,708 [INFO] CADModel:114 - Register for checkConnection events
2023-08-08 20:09:09,708 [FATAL] Updater:308 - Updater called before beeing initialized
2023-08-08 20:09:09,708 [ERROR] CADModel:125 - Updater not yet initialized, retry later 
2023-08-08 20:09:10,026 [INFO] CADModel:165 - CPN selected for project level
2023-08-08 20:09:10,027 [INFO] CADModel:114 - Register for checkConnection events
2023-08-08 20:09:10,027 [FATAL] Updater:308 - Updater called before beeing initialized
2023-08-08 20:09:10,027 [ERROR] CADModel:125 - Updater not yet initialized, retry later 
2023-08-08 20:09:10,030 [FATAL] Updater:308 - Updater called before beeing initialized
2023-08-08 20:09:10,162 [FATAL] Updater:308 - Updater called before beeing initialized
2023-08-08 20:09:10,169 [INFO] DbMcusAds:53 - JSON generation date=Thu Sep 30 02:55:09 EDT 2021 (1632984909247)
2023-08-08 20:09:10,169 [FATAL] Updater:308 - Updater called before beeing initialized
2023-08-08 20:09:10,220 [WARN] DetailPanel:346 - Failed to get advertising image, set to default
2023-08-08 20:09:10,292 [FATAL] Updater:308 - Updater called before beeing initialized
2023-08-08 20:09:10,293 [FATAL] Updater:308 - Updater called before beeing initialized
2023-08-08 20:09:10,294 [FATAL] Updater:308 - Updater called before beeing initialized
2023-08-08 20:09:10,294 [WARN] DetailPanel:346 - Failed to get advertising image, set to default
2023-08-08 20:09:10,295 [FATAL] Updater:308 - Updater called before beeing initialized
2023-08-08 20:09:10,360 [ERROR] Updater:1120 - MainUpdater not yet initialized. External WinMGr cannot be set.
2023-08-08 20:09:10,401 [INFO] Updater:1056 - Updater Version found : 6.9.1
2023-08-08 20:09:10,415 [INFO] ApplicationProperties:184 - Using Application install path: /Applications/STM32CubeIDE.app/Contents/Eclipse/plugins/com.st.stm32cube.common.mx_6.9.1.202307191849
2023-08-08 20:09:10,634 [INFO] MainUpdater:2868 - connection check result : 10
2023-08-08 20:09:10,635 [INFO] MainUpdater:285 - Updater Check For Update Now.
2023-08-08 20:09:10,635 [INFO] MicroXplorer:498 - Change Database Version : DB.6.0.91
2023-08-08 20:09:10,641 [INFO] McuFinderGlobals:63 - Set McuFinder mode to 2 (CubeIDE integrated)
2023-08-08 20:09:10,642 [INFO] UserAuth:179 - activating auth plugin
2023-08-08 20:09:10,650 [INFO] UserAuth:393 - Internet connection configuration mode: 1
2023-08-08 20:09:10,659 [INFO] JxBrowserEngine:151 - Initiate JxBrowser Engine with user profile folder
2023-08-08 20:09:10,862 [INFO] CheckServerUpdateThread:120 - End of CheckServer Thread
2023-08-08 20:09:11,825 [WARN] PackLoader:240 - Cannot read IP mode file for STMicroelectronics.X-CUBE-SMBUS.2.1.0
2023-08-08 20:09:11,932 [WARN] PackLoader:240 - Cannot read IP mode file for STMicroelectronics.X-CUBE-AZRTOS-F7.1.1.0
2023-08-08 20:09:11,973 [WARN] PackLoader:240 - Cannot read IP mode file for STMicroelectronics.FP-SNS-MOTENV1.4.3.2
2023-08-08 20:09:12,000 [WARN] PackLoader:240 - Cannot read IP mode file for STMicroelectronics.X-CUBE-BLE1.6.2.4
2023-08-08 20:09:12,018 [WARN] PackLoader:240 - Cannot read IP mode file for STMicroelectronics.FP-SNS-FLIGHT1.5.0.2
2023-08-08 20:09:12,035 [WARN] PackLoader:240 - Cannot read IP mode file for STMicroelectronics.X-CUBE-DISPLAY.3.0.0
2023-08-08 20:09:12,076 [WARN] PackLoader:240 - Cannot read IP mode file for emotas.I-CUBE-CANOPEN.1.3.0
2023-08-08 20:09:12,092 [WARN] PackLoader:240 - Cannot read IP mode file for STMicroelectronics.X-CUBE-TOUCHGFX.4.22.0
2023-08-08 20:09:12,117 [INFO] LogOutputStream:77 - [STDOUT_REDIRECT] 1 : Invalid condition id : UX_CORESTACK_Condition cause : null
2023-08-08 20:09:12,119 [INFO] LogOutputStream:77 - [STDOUT_REDIRECT] 1 : Invalid condition id : UX_CORESTACK_Condition cause : null
2023-08-08 20:09:12,119 [INFO] LogOutputStream:77 - [STDOUT_REDIRECT] 1 : Invalid condition id : UX_CORESTACK_Condition cause : null
2023-08-08 20:09:12,119 [INFO] LogOutputStream:77 - [STDOUT_REDIRECT] 1 : Invalid condition id : UX_CORESTACK_Condition cause : null
2023-08-08 20:09:12,119 [INFO] LogOutputStream:77 - [STDOUT_REDIRECT] 1 : Invalid condition id : UX_CORESTACK_Condition cause : null
2023-08-08 20:09:12,129 [WARN] PackLoader:240 - Cannot read IP mode file for STMicroelectronics.X-CUBE-AZRTOS-WL.2.0.0
2023-08-08 20:09:12,154 [WARN] PackLoader:240 - Cannot read IP mode file for WES.I-CUBE-Cesium.1.3.0
2023-08-08 20:09:12,173 [WARN] PackLoader:240 - Cannot read IP mode file for STMicroelectronics.X-CUBE-BLE2.3.3.0
2023-08-08 20:09:12,206 [WARN] PackLoader:240 - Cannot read IP mode file for STMicroelectronics.X-CUBE-ALGOBUILD.1.3.0
2023-08-08 20:09:12,254 [WARN] PackLoader:240 - Cannot read IP mode file for STMicroelectronics.X-CUBE-AZRTOS-G0.1.1.0
2023-08-08 20:09:12,273 [WARN] PackLoader:240 - Cannot read IP mode file for STMicroelectronics.X-CUBE-NFC4.3.0.0
2023-08-08 20:09:12,292 [WARN] PackLoader:240 - Cannot read IP mode file for STMicroelectronics.FP-ATR-SIGFOX1.3.2.0
2023-08-08 20:09:12,381 [WARN] PackLoader:240 - Cannot read IP mode file for SEGGER.I-CUBE-embOS.1.3.1
2023-08-08 20:09:12,538 [WARN] PackLoader:240 - Cannot read IP mode file for STMicroelectronics.X-CUBE-GNSS1.6.0.0
2023-08-08 20:09:12,583 [WARN] PackLoader:240 - Cannot read IP mode file for STMicroelectronics.X-CUBE-AZRTOS-F4.1.1.0
2023-08-08 20:09:12,601 [WARN] PackLoader:240 - Cannot read IP mode file for wolfSSL.I-CUBE-wolfSSL.5.6.3
2023-08-08 20:09:12,743 [WARN] PackLoader:240 - Cannot read IP mode file for STMicroelectronics.X-CUBE-MEMS1.9.6.0
2023-08-08 20:09:12,892 [WARN] PackLoader:240 - Cannot read IP mode file for STMicroelectronics.X-CUBE-BLEMGR.2.0.0
2023-08-08 20:09:12,964 [WARN] ConditionMgr:438 - getConditionDescription Invalid condition id : UX DEVICE CLASS RTOS Condition cause : null
2023-08-08 20:09:12,969 [WARN] ConditionMgr:438 - getConditionDescription Invalid condition id : UX DEVICE CLASS RTOS Condition cause : null
2023-08-08 20:09:12,986 [WARN] PackLoader:240 - Cannot read IP mode file for STMicroelectronics.X-CUBE-AZRTOS-H7.3.1.0
2023-08-08 20:09:12,990 [WARN] ConditionMgr:1039 - genDependencies : Invalid condition id : UX DEVICE CLASS RTOS Condition cause : null
2023-08-08 20:09:12,991 [WARN] ConditionMgr:1039 - genDependencies : Invalid condition id : UX DEVICE CLASS RTOS Condition cause : null
2023-08-08 20:09:12,992 [WARN] ConditionMgr:1039 - genDependencies : Invalid condition id : UX DEVICE CLASS RTOS Condition cause : null
2023-08-08 20:09:12,993 [WARN] ConditionMgr:1039 - genDependencies : Invalid condition id : UX DEVICE CLASS RTOS Condition cause : null
2023-08-08 20:09:12,993 [WARN] ConditionMgr:1039 - genDependencies : Invalid condition id : UX DEVICE CLASS RTOS Condition cause : null
2023-08-08 20:09:13,018 [WARN] PackLoader:240 - Cannot read IP mode file for STMicroelectronics.X-CUBE-NFC7.1.0.1
2023-08-08 20:09:13,027 [WARN] PackLoader:240 - Cannot read IP mode file for STMicroelectronics.X-CUBE-EEPRMA1.4.1.0
2023-08-08 20:09:13,032 [WARN] PackLoader:240 - Cannot read IP mode file for STMicroelectronics.X-CUBE-AI.8.1.0
2023-08-08 20:09:13,060 [WARN] ConditionMgr:438 - getConditionDescription Invalid condition id : LAN8742 Phy interface Condition cause : null
2023-08-08 20:09:13,061 [WARN] PackLoader:240 - Cannot read IP mode file for STMicroelectronics.X-CUBE-AZRTOS-L4.2.0.0
2023-08-08 20:09:13,063 [WARN] ConditionMgr:1039 - genDependencies : Invalid condition id : LAN8742 Phy interface Condition cause : null
2023-08-08 20:09:13,063 [WARN] ConditionMgr:1039 - genDependencies : Invalid condition id : LAN8742 Phy interface Condition cause : null
2023-08-08 20:09:13,064 [WARN] ConditionMgr:1039 - genDependencies : Invalid condition id : LAN8742 Phy interface Condition cause : null
2023-08-08 20:09:13,076 [WARN] PackLoader:240 - Cannot read IP mode file for STMicroelectronics.X-CUBE-SFXS2LP1.4.0.0
2023-08-08 20:09:13,092 [WARN] PackLoader:240 - Cannot read IP mode file for STMicroelectronics.X-CUBE-ISPU.1.1.0
2023-08-08 20:09:13,117 [WARN] PackLoader:240 - Cannot read IP mode file for STMicroelectronics.X-CUBE-FREERTOS.1.0.1
2023-08-08 20:09:13,150 [WARN] PackLoader:240 - Cannot read IP mode file for STMicroelectronics.X-CUBE-AZRTOS-L5.1.1.0
2023-08-08 20:09:13,184 [WARN] PackLoader:240 - Cannot read IP mode file for STMicroelectronics.X-CUBE-SUBG2.5.0.0
2023-08-08 20:09:13,212 [WARN] PackLoader:240 - Cannot read IP mode file for STMicroelectronics.X-CUBE-TOF1.3.3.1
2023-08-08 20:09:13,283 [WARN] PackLoader:240 - Cannot read IP mode file for STMicroelectronics.X-CUBE-AZRTOS-G4.2.0.0
2023-08-08 20:09:13,298 [WARN] PackLoader:240 - Cannot read IP mode file for portGmbH.I-Cube-SoM-uGOAL.1.1.0
2023-08-08 20:09:13,306 [WARN] PackLoader:240 - Cannot read IP mode file for STMicroelectronics.X-CUBE-ALS.1.0.1
2023-08-08 20:09:13,319 [WARN] PackLoader:240 - Cannot read IP mode file for STMicroelectronics.X-CUBE-AZRTOS-WB.1.1.0
2023-08-08 20:09:13,324 [WARN] PackLoader:240 - Cannot read IP mode file for STMicroelectronics.FP-ATR-ASTRA1.2.0.0
2023-08-08 20:09:13,331 [INFO] ThirdParty:978 - Integrity check success = true
2023-08-08 20:09:13,331 [INFO] IntegrityCheckThread:100 - exiting critical section [integrity check]
2023-08-08 20:09:13,331 [INFO] IntegrityCheckThread:103 - End integrity checks thread
2023-08-08 20:09:14,681 [INFO] WebApp:157 - Instantiating new browser for Auth
2023-08-08 20:09:15,501 [INFO] WebApp:753 - Register for checkConnection events
2023-08-08 20:09:15,502 [INFO] WebApp:390 - Apply proxy settings
2023-08-08 20:09:15,509 [INFO] WebApp:455 - Chromium authenticates against System proxy
2023-08-08 20:09:15,684 [INFO] WebApp:188 - Starting web application
2023-08-08 20:09:15,684 [INFO] WebApp:520 - Web application path used /Applications/STM32CubeIDE.app/Contents/Eclipse/plugins/com.st.stm32cube.common.mx_6.9.1.202307191849/db/plugins/mcufinder/reactClient1/index.html
2023-08-08 20:09:21,152 [INFO] McuFinderGlobals:63 - Set McuFinder mode to 2 (CubeIDE integrated)
2023-08-08 20:09:21,157 [INFO] MainUpdater:2868 - connection check result : 10
2023-08-08 20:09:21,162 [INFO] McuFinderGlobals:76 - Set McuFinderConnectedMode to true
2023-08-08 20:09:21,604 [INFO] ServerAccessManage:473 - Download File mcusAds.json._tmp_
2023-08-08 20:09:21,721 [INFO] LoadUrlFilesThread:156 - End of LoadUrlFiles Thread
2023-08-08 20:09:21,995 [INFO] ServerAccessManage:473 - Download File cube-finder-db.zip
2023-08-08 20:09:24,699 [INFO] FileExtend:240 - Unzip File : cube-finder-db.zip
2023-08-08 20:09:24,709 [INFO] FileExtend:255 - Standard Zip Deflate
2023-08-08 20:09:25,174 [INFO] LoadUrlFilesThread:156 - End of LoadUrlFiles Thread
2023-08-08 20:09:25,852 [INFO] ServerAccessManage:473 - Download File crdb.zip
2023-08-08 20:09:26,514 [INFO] FileExtend:240 - Unzip File : crdb.zip
2023-08-08 20:09:26,520 [INFO] FileExtend:255 - Standard Zip Deflate
2023-08-08 20:09:26,689 [INFO] LoadUrlFilesThread:156 - End of LoadUrlFiles Thread
2023-08-08 20:09:26,906 [INFO] ServerAccessManage:473 - Download File tutoVideoDB.zip
2023-08-08 20:09:26,918 [INFO] FileExtend:240 - Unzip File : tutoVideoDB.zip
2023-08-08 20:09:26,919 [INFO] FileExtend:255 - Standard Zip Deflate
2023-08-08 20:09:27,027 [INFO] LoadUrlFilesThread:156 - End of LoadUrlFiles Thread
2023-08-08 20:09:27,034 [WARN] DbFile:41 - Overriding database path with different value: /Users/dilnozabobokalonova/.stmcufinder/plugins/mcufinder/ => /Users/dilnozabobokalonova/.stmcufinder/plugins/mcufinder
2023-08-08 20:09:27,187 [INFO] ServerAccessManage:473 - Download File api_config.json
2023-08-08 20:09:27,294 [INFO] LoadUrlFilesThread:156 - End of LoadUrlFiles Thread
2023-08-08 20:09:27,296 [INFO] DbMcusAds:53 - JSON generation date=Tue Mar 07 03:50:55 EST 2023 (1678179055114)
2023-08-08 20:09:27,474 [INFO] ServerAccessManage:473 - Download File 
2023-08-08 20:09:27,505 [INFO] LoadUrlFilesThread:185 - End of LoadServerUrlFiles without Thread
2023-08-08 20:09:27,506 [INFO] TargetSelectorAdapter:259 - Refresh data is successful
2023-08-08 20:09:27,952 [INFO] ApiDb:581 - Connected to CubeFinder SQLite database (/Users/dilnozabobokalonova/.stmcufinder/plugins/mcufinder/mcu/cube-finder-db.db)
2023-08-08 20:09:28,010 [INFO] ApiDb:668 - CubeFinder database Data Model version=2.1
2023-08-08 20:09:28,010 [INFO] ApiDb:669 - CubeFinder database Configuration version=3.0.37
2023-08-08 20:09:28,011 [INFO] ApiDb:670 - CubeFinder database generation date=2023-07-31 (1690792719)
2023-08-08 20:09:28,012 [INFO] ApiDb:671 - CubeFinder database FW Pack versions=[FP-ATR-ASTRA1_V2.0.0, FP-SNS-FLIGHT1_V5.0.1, FP-SNS-FLIGHT1_V5.0.2, FP-SNS-MOTENV1_V4.3.1, FP-SNS-MOTENV1_V4.3.2, STM32Cube_FW_C0_V1.1.0, STM32Cube_FW_F4_V1.27.1, STM32Cube_FW_F7_V1.17.0, STM32Cube_FW_G0_V1.6.1, STM32Cube_FW_G4_V1.5.1, STM32Cube_FW_H5_V0.5.1, STM32Cube_FW_H5_V1.1.0, STM32Cube_FW_H7_V1.11.0, STM32Cube_FW_L0_V1.12.2, STM32Cube_FW_L5_V1.5.0, STM32Cube_FW_U5_V1.3.0, STM32Cube_FW_U5_V1.3.0RC4, STM32Cube_FW_WBA_V1.0.0RC1, STM32Cube_FW_WBA_V1.1.0, STM32Cube_FW_WBA_V1.1.0RC1, STM32Cube_FW_WB_V1.15.0RC1, STM32Cube_FW_WB_V1.16.0, STM32Cube_FW_WB_V1.16.0RC2, STM32Cube_FW_WB_V1.17.0, STM32Cube_FW_WL_V1.3.0, X-CUBE-ALGOBUILD_V1.3.0, X-CUBE-ALS_V1.0.1, X-CUBE-AZRTOS-F4_V1.1.0, X-CUBE-AZRTOS-F7_V1.1.0, X-CUBE-AZRTOS-G0_V1.1.0, X-CUBE-AZRTOS-G4_V2.0.0, X-CUBE-AZRTOS-H7_V3.1.0, X-CUBE-AZRTOS-L4_V1.0.0, X-CUBE-AZRTOS-L4_V2.0.0, X-CUBE-AZRTOS-L5_V1.1.0, X-CUBE-AZRTOS-WB_V1.1.0, X-CUBE-AZRTOS-WL_V2.0.0, X-CUBE-BLE1_V6.2.4, X-CUBE-BLE2_V3.3.0, X-CUBE-BLEMGR_V2.0.0, X-CUBE-EEPRMA1_V4.1.0, X-CUBE-FREERTOS_V1.0.1, X-CUBE-GNSS1_V6.0.0, X-CUBE-MEMS1_V9.1.0, X-CUBE-MEMS1_V9.4.0, X-CUBE-MEMS1_V9.6.0, X-CUBE-NFC4_V3.0.0, X-CUBE-NFC7_V1.0.0, X-CUBE-SFXS2LP1_V4.0.0, X-CUBE-SUBG2_V5.0.0]
2023-08-08 20:09:29,282 [INFO] ApiDb:240 - Found 323 in-development CPN: [B-G473E-ZEST1S, B-WB1M-WPAN1, B-WL5M-SUBG1, NUCLEO-C031C6, NUCLEO-H503RB, NUCLEO-H563ZI, NUCLEO-U545RE-Q, NUCLEO-U5A5ZJ-Q, NUCLEO-WBA52CG, STEVAL-PROTEUS1, STEVAL-SMARTAG2, STEVAL-STWINBX1, STM320518-EVAL, STM32C0116-DK, STM32C011D6Y3TR, STM32C011D6Y6TR, STM32C011F4P3, STM32C011F4P6, STM32C011F4U3, STM32C011F4U6TR, STM32C011F6P3, STM32C011F6P6, STM32C011F6U3, STM32C011F6U6TR, STM32C011J4M3, STM32C011J4M6, STM32C011J6M3, STM32C011J6M6, STM32C0316-DK, STM32C031C4T3, STM32C031C4T6, STM32C031C4U3, STM32C031C4U6, STM32C031C6T3, STM32C031C6T6, STM32C031C6U3, STM32C031C6U6, STM32C031F4P3, STM32C031F4P6, STM32C031F6P3, STM32C031F6P6, STM32C031G4U3, STM32C031G4U6, STM32C031G6U3, STM32C031G6U6, STM32C031K4T3, STM32C031K4T6, STM32C031K4U3, STM32C031K4U6, STM32C031K6T3, STM32C031K6T6, STM32C031K6U3, STM32C031K6U6, STM32G071K8TXN, STM32G071K8UXN, STM32G081GBU6N, STM32G081KBT6N, STM32G081KBUXN, STM32G0B1CCT6N, STM32G0B1KCT6, STM32G0B1NEY6TR, STM32G0B1RCT6N, STM32G0C1CCT6, STM32G0C1CCT6N, STM32G0C1CCU6N, STM32G0C1CET6N, STM32G0C1CEU6N, STM32G0C1KCT6, STM32G0C1NEY6TR, STM32G0C1RCI6N, STM32G0C1RCT6N, STM32G0C1REI6N, STM32G0C1RET6N, STM32G0C1VCI6, STM32G0C1VEI6, STM32G471CCT6, STM32G471CCU6, STM32G471CET3, STM32G471CET6, STM32G471CEU3, STM32G471CEU6, STM32G471MCT6, STM32G471MET3, STM32G471MET6, STM32G471MEY6TR, STM32G471QCT6, STM32G471QET3, STM32G471RCT6, STM32G471RET3, STM32G471RET6, STM32G471VCH6, STM32G471VCI6, STM32G471VCT6, STM32G471VEH3, STM32G471VEH6, STM32G471VEI3, STM32G471VEI6, STM32G471VET3, STM32G471VET6, STM32G474CCT6, STM32H503CBT6, STM32H503CBU6, STM32H503EBY6TR, STM32H503KBU6, STM32H503RBT6, STM32H562AGI6, STM32H562AII6, STM32H562IGK6, STM32H562IGT6, STM32H562IIK6, STM32H562IIT6, STM32H562RGT6, STM32H562RGV6, STM32H562RIT6, STM32H562RIV6, STM32H562VGT6, STM32H562VIT6, STM32H562ZGT6, STM32H562ZIT6, STM32H563AGI6, STM32H563AII3Q, STM32H563AII6, STM32H563IGK6, STM32H563IGT6, STM32H563IIK3Q, STM32H563IIK6, STM32H563IIT3Q, STM32H563IIT6, STM32H563MIY3QTR, STM32H563RGT6, STM32H563RGV6, STM32H563RIT6, STM32H563RIV6, STM32H563VGT6, STM32H563VIT3Q, STM32H563VIT6, STM32H563ZGT6, STM32H563ZIT3Q, STM32H563ZIT6, STM32H573AII3Q, STM32H573AII6, STM32H573I-DK, STM32H573IIK3Q, STM32H573IIK6, STM32H573IIT3Q, STM32H573IIT6, STM32H573MIY3QTR, STM32H573RIT6, STM32H573RIV6, STM32H573VIT3Q, STM32H573VIT6, STM32H573ZIT3Q, STM32H573ZIT6, STM32L4R5QGI6STR, STM32MP131AAE3, STM32MP131AAF3, STM32MP131AAG3, STM32MP131CAE3, STM32MP131CAF3, STM32MP131CAG3, STM32MP131DAE7, STM32MP131DAF7, STM32MP131DAG7, STM32MP131FAE7, STM32MP131FAF7, STM32MP131FAG7, STM32MP133AAE3, STM32MP133AAF3, STM32MP133AAG3, STM32MP133CAE3, STM32MP133CAF3, STM32MP133CAG3, STM32MP133DAE7, STM32MP133DAF7, STM32MP133DAG7, STM32MP133FAE7, STM32MP133FAF7, STM32MP133FAG7, STM32MP135AAE3, STM32MP135AAF3, STM32MP135AAG3, STM32MP135CAE3, STM32MP135CAF3, STM32MP135CAG3, STM32MP135DAE7, STM32MP135DAF7, STM32MP135DAG7, STM32MP135F-DK, STM32MP135FAE7, STM32MP135FAF7, STM32MP135FAF7T, STM32MP135FAF7U, STM32MP135FAG7, STM32U535CBT6, STM32U535CBT6Q, STM32U535CBU6, STM32U535CBU6Q, STM32U535CCT6, STM32U535CCT6Q, STM32U535CCU6, STM32U535CCU6Q, STM32U535CET6, STM32U535CET6Q, STM32U535CEU6, STM32U535CEU6Q, STM32U535JEY6QTR, STM32U535NCY6QTR, STM32U535NEY6QTR, STM32U535RBI6, STM32U535RBI6Q, STM32U535RBT6, STM32U535RBT6Q, STM32U535RCI6, STM32U535RCI6Q, STM32U535RCT6, STM32U535RCT6Q, STM32U535REI6, STM32U535REI6Q, STM32U535RET6, STM32U535RET6Q, STM32U535VCI6, STM32U535VCI6Q, STM32U535VCT6, STM32U535VCT6Q, STM32U535VEI6, STM32U535VEI6Q, STM32U535VET6, STM32U535VET6Q, STM32U545CET6, STM32U545CET6Q, STM32U545CEU6, STM32U545CEU6Q, STM32U545JEY6QTR, STM32U545NEY6QTR, STM32U545REI6, STM32U545REI6Q, STM32U545RET6, STM32U545RET6Q, STM32U545VEI6, STM32U545VEI6Q, STM32U545VET6, STM32U545VET6Q, STM32U595AIH6, STM32U595AIH6Q, STM32U595AJH6, STM32U595AJH6Q, STM32U595QII6, STM32U595QII6Q, STM32U595QJI6, STM32U595QJI6Q, STM32U595RIT6, STM32U595RIT6Q, STM32U595RJT6, STM32U595RJT6Q, STM32U595VIT6, STM32U595VIT6Q, STM32U595VJT6, STM32U595VJT6Q, STM32U595ZIT6, STM32U595ZIT6Q, STM32U595ZIY6QTR, STM32U595ZJT6, STM32U595ZJT6Q, STM32U595ZJY6QTR, STM32U599BJY6QTR, STM32U599NIH6Q, STM32U599NJH6Q, STM32U599VIT6Q, STM32U599VJT6, STM32U599VJT6Q, STM32U599ZIT6Q, STM32U599ZIY6QTR, STM32U599ZJT6Q, STM32U599ZJY6QTR, STM32U5A5AJH6, STM32U5A5AJH6Q, STM32U5A5QJI6, STM32U5A5QJI6Q, STM32U5A5RJT6, STM32U5A5RJT6Q, STM32U5A5VJT6, STM32U5A5VJT6Q, STM32U5A5ZJT6, STM32U5A5ZJT6Q, STM32U5A5ZJY6QTR, STM32U5A9BJY6QTR, STM32U5A9J-DK, STM32U5A9NJH6Q, STM32U5A9VJT6Q, STM32U5A9ZJT6Q, STM32U5A9ZJY6QTR, STM32U5F7VIT6, STM32U5F7VIT6Q, STM32U5F7VJT6, STM32U5F7VJT6Q, STM32U5F9BJY6QTR, STM32U5F9NJH6Q, STM32U5F9VIT6Q, STM32U5F9VJT6Q, STM32U5F9ZIJ6QTR, STM32U5F9ZIT6Q, STM32U5F9ZJJ6QTR, STM32U5F9ZJT6Q, STM32U5G7VJT6, STM32U5G7VJT6Q, STM32U5G9BJY6QTR, STM32U5G9J-DK1, STM32U5G9J-DK2, STM32U5G9NJH6Q, STM32U5G9VJT6Q, STM32U5G9ZJJ6QTR, STM32U5G9ZJT6Q, STM32WB1MMCH6, STM32WBA52CEU6, STM32WBA52CEU6T, STM32WBA52CGU6, STM32WBA52CGU6T, STM32WBA52KEU6, STM32WBA52KEU6T, STM32WBA52KGU6, STM32WBA52KGU6T, STM32WL5MOCH6, STM32WL5MOCH6TR]
2023-08-08 20:09:29,299 [INFO] DbMcus:217 - Found 3848 MCUs, 3848 are supported
2023-08-08 20:09:29,302 [INFO] ApiDb:414 - User favorites file not found: /Users/dilnozabobokalonova/.stm32cubeide/favorites.mcus.txt
2023-08-08 20:09:29,302 [INFO] DbMcus:223 - Set 0 / 0 favorites MCUs
2023-08-08 20:09:29,480 [INFO] ApiDb:668 - CubeFinder database Data Model version=2.1
2023-08-08 20:09:29,480 [INFO] ApiDb:669 - CubeFinder database Configuration version=3.0.37
2023-08-08 20:09:29,481 [INFO] ApiDb:670 - CubeFinder database generation date=2023-07-31 (1690792719)
2023-08-08 20:09:29,481 [INFO] ApiDb:671 - CubeFinder database FW Pack versions=[FP-ATR-ASTRA1_V2.0.0, FP-SNS-FLIGHT1_V5.0.1, FP-SNS-FLIGHT1_V5.0.2, FP-SNS-MOTENV1_V4.3.1, FP-SNS-MOTENV1_V4.3.2, STM32Cube_FW_C0_V1.1.0, STM32Cube_FW_F4_V1.27.1, STM32Cube_FW_F7_V1.17.0, STM32Cube_FW_G0_V1.6.1, STM32Cube_FW_G4_V1.5.1, STM32Cube_FW_H5_V0.5.1, STM32Cube_FW_H5_V1.1.0, STM32Cube_FW_H7_V1.11.0, STM32Cube_FW_L0_V1.12.2, STM32Cube_FW_L5_V1.5.0, STM32Cube_FW_U5_V1.3.0, STM32Cube_FW_U5_V1.3.0RC4, STM32Cube_FW_WBA_V1.0.0RC1, STM32Cube_FW_WBA_V1.1.0, STM32Cube_FW_WBA_V1.1.0RC1, STM32Cube_FW_WB_V1.15.0RC1, STM32Cube_FW_WB_V1.16.0, STM32Cube_FW_WB_V1.16.0RC2, STM32Cube_FW_WB_V1.17.0, STM32Cube_FW_WL_V1.3.0, X-CUBE-ALGOBUILD_V1.3.0, X-CUBE-ALS_V1.0.1, X-CUBE-AZRTOS-F4_V1.1.0, X-CUBE-AZRTOS-F7_V1.1.0, X-CUBE-AZRTOS-G0_V1.1.0, X-CUBE-AZRTOS-G4_V2.0.0, X-CUBE-AZRTOS-H7_V3.1.0, X-CUBE-AZRTOS-L4_V1.0.0, X-CUBE-AZRTOS-L4_V2.0.0, X-CUBE-AZRTOS-L5_V1.1.0, X-CUBE-AZRTOS-WB_V1.1.0, X-CUBE-AZRTOS-WL_V2.0.0, X-CUBE-BLE1_V6.2.4, X-CUBE-BLE2_V3.3.0, X-CUBE-BLEMGR_V2.0.0, X-CUBE-EEPRMA1_V4.1.0, X-CUBE-FREERTOS_V1.0.1, X-CUBE-GNSS1_V6.0.0, X-CUBE-MEMS1_V9.1.0, X-CUBE-MEMS1_V9.4.0, X-CUBE-MEMS1_V9.6.0, X-CUBE-NFC4_V3.0.0, X-CUBE-NFC7_V1.0.0, X-CUBE-SFXS2LP1_V4.0.0, X-CUBE-SUBG2_V5.0.0]
2023-08-08 20:09:29,523 [INFO] DbBoardsSqlite:226 - include board P-NUCLEO-WB55-NUCLEO as a kit item of type 'Nucleo-64'
2023-08-08 20:09:29,524 [INFO] DbBoardsSqlite:226 - include board P-NUCLEO-WB55-USBDONGLE as a kit item of type 'Nucleo USB Dongle'
2023-08-08 20:09:29,524 [INFO] DbBoardsSqlite:226 - include board STEVAL-IDP005V1 as a kit item of type 'Evaluation Board'
2023-08-08 20:09:29,524 [INFO] DbBoardsSqlite:226 - include board STEVAL-IDP005V2 as a kit item of type 'Evaluation Board'
2023-08-08 20:09:29,549 [INFO] ApiDb:240 - Found 323 in-development CPN: [B-G473E-ZEST1S, B-WB1M-WPAN1, B-WL5M-SUBG1, NUCLEO-C031C6, NUCLEO-H503RB, NUCLEO-H563ZI, NUCLEO-U545RE-Q, NUCLEO-U5A5ZJ-Q, NUCLEO-WBA52CG, STEVAL-PROTEUS1, STEVAL-SMARTAG2, STEVAL-STWINBX1, STM320518-EVAL, STM32C0116-DK, STM32C011D6Y3TR, STM32C011D6Y6TR, STM32C011F4P3, STM32C011F4P6, STM32C011F4U3, STM32C011F4U6TR, STM32C011F6P3, STM32C011F6P6, STM32C011F6U3, STM32C011F6U6TR, STM32C011J4M3, STM32C011J4M6, STM32C011J6M3, STM32C011J6M6, STM32C0316-DK, STM32C031C4T3, STM32C031C4T6, STM32C031C4U3, STM32C031C4U6, STM32C031C6T3, STM32C031C6T6, STM32C031C6U3, STM32C031C6U6, STM32C031F4P3, STM32C031F4P6, STM32C031F6P3, STM32C031F6P6, STM32C031G4U3, STM32C031G4U6, STM32C031G6U3, STM32C031G6U6, STM32C031K4T3, STM32C031K4T6, STM32C031K4U3, STM32C031K4U6, STM32C031K6T3, STM32C031K6T6, STM32C031K6U3, STM32C031K6U6, STM32G071K8TXN, STM32G071K8UXN, STM32G081GBU6N, STM32G081KBT6N, STM32G081KBUXN, STM32G0B1CCT6N, STM32G0B1KCT6, STM32G0B1NEY6TR, STM32G0B1RCT6N, STM32G0C1CCT6, STM32G0C1CCT6N, STM32G0C1CCU6N, STM32G0C1CET6N, STM32G0C1CEU6N, STM32G0C1KCT6, STM32G0C1NEY6TR, STM32G0C1RCI6N, STM32G0C1RCT6N, STM32G0C1REI6N, STM32G0C1RET6N, STM32G0C1VCI6, STM32G0C1VEI6, STM32G471CCT6, STM32G471CCU6, STM32G471CET3, STM32G471CET6, STM32G471CEU3, STM32G471CEU6, STM32G471MCT6, STM32G471MET3, STM32G471MET6, STM32G471MEY6TR, STM32G471QCT6, STM32G471QET3, STM32G471RCT6, STM32G471RET3, STM32G471RET6, STM32G471VCH6, STM32G471VCI6, STM32G471VCT6, STM32G471VEH3, STM32G471VEH6, STM32G471VEI3, STM32G471VEI6, STM32G471VET3, STM32G471VET6, STM32G474CCT6, STM32H503CBT6, STM32H503CBU6, STM32H503EBY6TR, STM32H503KBU6, STM32H503RBT6, STM32H562AGI6, STM32H562AII6, STM32H562IGK6, STM32H562IGT6, STM32H562IIK6, STM32H562IIT6, STM32H562RGT6, STM32H562RGV6, STM32H562RIT6, STM32H562RIV6, STM32H562VGT6, STM32H562VIT6, STM32H562ZGT6, STM32H562ZIT6, STM32H563AGI6, STM32H563AII3Q, STM32H563AII6, STM32H563IGK6, STM32H563IGT6, STM32H563IIK3Q, STM32H563IIK6, STM32H563IIT3Q, STM32H563IIT6, STM32H563MIY3QTR, STM32H563RGT6, STM32H563RGV6, STM32H563RIT6, STM32H563RIV6, STM32H563VGT6, STM32H563VIT3Q, STM32H563VIT6, STM32H563ZGT6, STM32H563ZIT3Q, STM32H563ZIT6, STM32H573AII3Q, STM32H573AII6, STM32H573I-DK, STM32H573IIK3Q, STM32H573IIK6, STM32H573IIT3Q, STM32H573IIT6, STM32H573MIY3QTR, STM32H573RIT6, STM32H573RIV6, STM32H573VIT3Q, STM32H573VIT6, STM32H573ZIT3Q, STM32H573ZIT6, STM32L4R5QGI6STR, STM32MP131AAE3, STM32MP131AAF3, STM32MP131AAG3, STM32MP131CAE3, STM32MP131CAF3, STM32MP131CAG3, STM32MP131DAE7, STM32MP131DAF7, STM32MP131DAG7, STM32MP131FAE7, STM32MP131FAF7, STM32MP131FAG7, STM32MP133AAE3, STM32MP133AAF3, STM32MP133AAG3, STM32MP133CAE3, STM32MP133CAF3, STM32MP133CAG3, STM32MP133DAE7, STM32MP133DAF7, STM32MP133DAG7, STM32MP133FAE7, STM32MP133FAF7, STM32MP133FAG7, STM32MP135AAE3, STM32MP135AAF3, STM32MP135AAG3, STM32MP135CAE3, STM32MP135CAF3, STM32MP135CAG3, STM32MP135DAE7, STM32MP135DAF7, STM32MP135DAG7, STM32MP135F-DK, STM32MP135FAE7, STM32MP135FAF7, STM32MP135FAF7T, STM32MP135FAF7U, STM32MP135FAG7, STM32U535CBT6, STM32U535CBT6Q, STM32U535CBU6, STM32U535CBU6Q, STM32U535CCT6, STM32U535CCT6Q, STM32U535CCU6, STM32U535CCU6Q, STM32U535CET6, STM32U535CET6Q, STM32U535CEU6, STM32U535CEU6Q, STM32U535JEY6QTR, STM32U535NCY6QTR, STM32U535NEY6QTR, STM32U535RBI6, STM32U535RBI6Q, STM32U535RBT6, STM32U535RBT6Q, STM32U535RCI6, STM32U535RCI6Q, STM32U535RCT6, STM32U535RCT6Q, STM32U535REI6, STM32U535REI6Q, STM32U535RET6, STM32U535RET6Q, STM32U535VCI6, STM32U535VCI6Q, STM32U535VCT6, STM32U535VCT6Q, STM32U535VEI6, STM32U535VEI6Q, STM32U535VET6, STM32U535VET6Q, STM32U545CET6, STM32U545CET6Q, STM32U545CEU6, STM32U545CEU6Q, STM32U545JEY6QTR, STM32U545NEY6QTR, STM32U545REI6, STM32U545REI6Q, STM32U545RET6, STM32U545RET6Q, STM32U545VEI6, STM32U545VEI6Q, STM32U545VET6, STM32U545VET6Q, STM32U595AIH6, STM32U595AIH6Q, STM32U595AJH6, STM32U595AJH6Q, STM32U595QII6, STM32U595QII6Q, STM32U595QJI6, STM32U595QJI6Q, STM32U595RIT6, STM32U595RIT6Q, STM32U595RJT6, STM32U595RJT6Q, STM32U595VIT6, STM32U595VIT6Q, STM32U595VJT6, STM32U595VJT6Q, STM32U595ZIT6, STM32U595ZIT6Q, STM32U595ZIY6QTR, STM32U595ZJT6, STM32U595ZJT6Q, STM32U595ZJY6QTR, STM32U599BJY6QTR, STM32U599NIH6Q, STM32U599NJH6Q, STM32U599VIT6Q, STM32U599VJT6, STM32U599VJT6Q, STM32U599ZIT6Q, STM32U599ZIY6QTR, STM32U599ZJT6Q, STM32U599ZJY6QTR, STM32U5A5AJH6, STM32U5A5AJH6Q, STM32U5A5QJI6, STM32U5A5QJI6Q, STM32U5A5RJT6, STM32U5A5RJT6Q, STM32U5A5VJT6, STM32U5A5VJT6Q, STM32U5A5ZJT6, STM32U5A5ZJT6Q, STM32U5A5ZJY6QTR, STM32U5A9BJY6QTR, STM32U5A9J-DK, STM32U5A9NJH6Q, STM32U5A9VJT6Q, STM32U5A9ZJT6Q, STM32U5A9ZJY6QTR, STM32U5F7VIT6, STM32U5F7VIT6Q, STM32U5F7VJT6, STM32U5F7VJT6Q, STM32U5F9BJY6QTR, STM32U5F9NJH6Q, STM32U5F9VIT6Q, STM32U5F9VJT6Q, STM32U5F9ZIJ6QTR, STM32U5F9ZIT6Q, STM32U5F9ZJJ6QTR, STM32U5F9ZJT6Q, STM32U5G7VJT6, STM32U5G7VJT6Q, STM32U5G9BJY6QTR, STM32U5G9J-DK1, STM32U5G9J-DK2, STM32U5G9NJH6Q, STM32U5G9VJT6Q, STM32U5G9ZJJ6QTR, STM32U5G9ZJT6Q, STM32WB1MMCH6, STM32WBA52CEU6, STM32WBA52CEU6T, STM32WBA52CGU6, STM32WBA52CGU6T, STM32WBA52KEU6, STM32WBA52KEU6T, STM32WBA52KGU6, STM32WBA52KGU6T, STM32WL5MOCH6, STM32WL5MOCH6TR]
2023-08-08 20:09:29,642 [INFO] BoardInfo:880 - No configuration file found for board P-NUCLEO-WB55
2023-08-08 20:09:29,643 [INFO] DbBoards:157 - Kit is not supported: P-NUCLEO-WB55
2023-08-08 20:09:29,647 [INFO] BoardInfo:880 - No configuration file found for board STEVAL-BFA001V1B
2023-08-08 20:09:29,647 [INFO] DbBoards:157 - Kit is not supported: STEVAL-BFA001V1B
2023-08-08 20:09:29,648 [INFO] BoardInfo:880 - No configuration file found for board STEVAL-BFA001V2B
2023-08-08 20:09:29,648 [INFO] DbBoards:157 - Kit is not supported: STEVAL-BFA001V2B
2023-08-08 20:09:29,793 [INFO] DbBoards:161 - Found 190 boards, 187 are supported
2023-08-08 20:09:29,801 [INFO] ApiDb:414 - User favorites file not found: /Users/dilnozabobokalonova/.stm32cubeide/favorites.boards.txt
2023-08-08 20:09:29,801 [INFO] DbBoards:190 - Set 0 / 0 favorites Boards
2023-08-08 20:09:29,808 [INFO] ApiDb:668 - CubeFinder database Data Model version=2.1
2023-08-08 20:09:29,809 [INFO] ApiDb:669 - CubeFinder database Configuration version=3.0.37
2023-08-08 20:09:29,809 [INFO] ApiDb:670 - CubeFinder database generation date=2023-07-31 (1690792719)
2023-08-08 20:09:29,809 [INFO] ApiDb:671 - CubeFinder database FW Pack versions=[FP-ATR-ASTRA1_V2.0.0, FP-SNS-FLIGHT1_V5.0.1, FP-SNS-FLIGHT1_V5.0.2, FP-SNS-MOTENV1_V4.3.1, FP-SNS-MOTENV1_V4.3.2, STM32Cube_FW_C0_V1.1.0, STM32Cube_FW_F4_V1.27.1, STM32Cube_FW_F7_V1.17.0, STM32Cube_FW_G0_V1.6.1, STM32Cube_FW_G4_V1.5.1, STM32Cube_FW_H5_V0.5.1, STM32Cube_FW_H5_V1.1.0, STM32Cube_FW_H7_V1.11.0, STM32Cube_FW_L0_V1.12.2, STM32Cube_FW_L5_V1.5.0, STM32Cube_FW_U5_V1.3.0, STM32Cube_FW_U5_V1.3.0RC4, STM32Cube_FW_WBA_V1.0.0RC1, STM32Cube_FW_WBA_V1.1.0, STM32Cube_FW_WBA_V1.1.0RC1, STM32Cube_FW_WB_V1.15.0RC1, STM32Cube_FW_WB_V1.16.0, STM32Cube_FW_WB_V1.16.0RC2, STM32Cube_FW_WB_V1.17.0, STM32Cube_FW_WL_V1.3.0, X-CUBE-ALGOBUILD_V1.3.0, X-CUBE-ALS_V1.0.1, X-CUBE-AZRTOS-F4_V1.1.0, X-CUBE-AZRTOS-F7_V1.1.0, X-CUBE-AZRTOS-G0_V1.1.0, X-CUBE-AZRTOS-G4_V2.0.0, X-CUBE-AZRTOS-H7_V3.1.0, X-CUBE-AZRTOS-L4_V1.0.0, X-CUBE-AZRTOS-L4_V2.0.0, X-CUBE-AZRTOS-L5_V1.1.0, X-CUBE-AZRTOS-WB_V1.1.0, X-CUBE-AZRTOS-WL_V2.0.0, X-CUBE-BLE1_V6.2.4, X-CUBE-BLE2_V3.3.0, X-CUBE-BLEMGR_V2.0.0, X-CUBE-EEPRMA1_V4.1.0, X-CUBE-FREERTOS_V1.0.1, X-CUBE-GNSS1_V6.0.0, X-CUBE-MEMS1_V9.1.0, X-CUBE-MEMS1_V9.4.0, X-CUBE-MEMS1_V9.6.0, X-CUBE-NFC4_V3.0.0, X-CUBE-NFC7_V1.0.0, X-CUBE-SFXS2LP1_V4.0.0, X-CUBE-SUBG2_V5.0.0]
2023-08-08 20:09:30,645 [INFO] DbExamplesSqlite:395 - Ignored 27 examples not supported by CubeIDE
2023-08-08 20:09:30,646 [INFO] DbExamplesSqlite:396 - Found 7176 examples active
2023-08-08 20:09:30,646 [INFO] DbExamplesSqlite:397 - Found 677 examples obsolete
2023-08-08 20:09:30,647 [INFO] DbExamplesSqlite:398 - Found 0 examples under development
2023-08-08 20:09:30,648 [INFO] DbExamplesSqlite:399 - Found 74 examples not building
2023-08-08 20:09:30,650 [INFO] DbExamples:125 - Found 7223 examples
2023-08-08 20:09:30,666 [INFO] DbExamples:222 - Found 92 boards with related examples
2023-08-08 20:09:30,668 [INFO] DbExamples:235 - Found 78 MCUs with related examples
2023-08-08 20:09:30,686 [INFO] ApiDb:414 - User favorites file not found: /Users/dilnozabobokalonova/.stm32cubeide/favorites.examples.txt
2023-08-08 20:09:30,686 [INFO] DbExamples:250 - Set 0 / 0 favorites Examples
2023-08-08 20:09:31,118 [INFO] McuFinderGlobals:76 - Set McuFinderConnectedMode to true
2023-08-08 20:09:31,127 [INFO] MultiScanPanel:200 - Auto-refresh data requested => check proxy status ongoing
2023-08-08 20:09:31,130 [INFO] FinderPluginLoader:95 - Searching for filters in installed packs
2023-08-08 20:09:32,879 [INFO] LoadUrlFilesThread:185 - End of LoadServerUrlFiles without Thread
2023-08-08 20:09:32,894 [INFO] DetailPanel:341 - Set advertising image to /Users/dilnozabobokalonova/STM32Cube/Repository//en.prom-stm32h5-mcu-finder.jpg
2023-08-08 20:09:37,051 [ERROR] LogOutputStream:75 - [STDERR_REDIRECT] SLF4J: Failed to load class "org.slf4j.impl.StaticLoggerBinder".
2023-08-08 20:09:37,053 [ERROR] LogOutputStream:75 - [STDERR_REDIRECT] SLF4J: Defaulting to no-operation (NOP) logger implementation
2023-08-08 20:09:37,053 [ERROR] LogOutputStream:75 - [STDERR_REDIRECT] SLF4J: See http://www.slf4j.org/codes.html#StaticLoggerBinder for further details.
2023-08-08 20:16:16,709 [INFO] McuFinderGlobals:76 - Set McuFinderConnectedMode to true
2023-08-08 20:16:17,072 [INFO] ApiDb:448 - Save user favorites file /Users/dilnozabobokalonova/.stm32cubeide/favorites.mcus.txt: 0 item(s)
2023-08-08 20:16:17,073 [INFO] ApiDb:452 - User favorites MCUs=[]
2023-08-08 20:16:25,174 [ERROR] LogOutputStream:75 - [STDERR_REDIRECT] 
